TpTrace Verbose: 0 : 15460, 1, 2024/04/03, 21:49:51.489, 80818621763, vstest.console.dll, Version: 17.9.0-release-23627-01 Current process architecture: X64
TpTrace Verbose: 0 : 15460, 1, 2024/04/03, 21:49:51.667, 80820399226, vstest.console.dll, Runtime location: C:\Program Files\dotnet\shared\Microsoft.NETCore.App\8.0.2
TpTrace Verbose: 0 : 15460, 1, 2024/04/03, 21:49:51.761, 80821338935, vstest.console.dll, ArtifactProcessingPostProcessModeProcessorExecutor.Initialize: ArtifactProcessingMode.Collect
TpTrace Verbose: 0 : 15460, 1, 2024/04/03, 21:49:51.762, 80821341966, vstest.console.dll, TestSessionCorrelationIdProcessorModeProcessorExecutor.Initialize: TestSessionCorrelationId '11424_c6c28a5e-ab97-42eb-bcef-11fb160cfa6e'
TpTrace Information: 0 : 15460, 1, 2024/04/03, 21:49:51.781, 80821532616, vstest.console.dll, FilePatternParser: The given file D:\SoftUniProjects\CI 2 Jenkins\02-House-Renting-System-App\HouseRentingSystem.Tests\bin\Debug\net6.0\fine-code-coverage\build-output\HouseRentingSystem.Tests.dll is a full path.
TpTrace Verbose: 0 : 15460, 1, 2024/04/03, 21:49:52.153, 80825256841, vstest.console.dll, TestPluginCache.DiscoverTestExtensions: finding test extensions in assemblies ends with: RuntimeProvider.dll TPluginInfo: Microsoft.VisualStudio.TestPlatform.Common.ExtensionFramework.Utilities.TestRuntimePluginInformation TExtension: Microsoft.VisualStudio.TestPlatform.ObjectModel.Host.ITestRuntimeProvider
TpTrace Verbose: 0 : 15460, 1, 2024/04/03, 21:49:52.153, 80825261195, vstest.console.dll, TestPluginCache.GetExtensionPaths: Filtered extension paths: 
TpTrace Verbose: 0 : 15460, 1, 2024/04/03, 21:49:52.154, 80825262243, vstest.console.dll, TestPluginCache.GetExtensionPaths: Added default extension paths: C:\Program Files\dotnet\sdk\8.0.200\Extensions\Microsoft.Diagnostics.NETCore.Client.dll
C:\Program Files\dotnet\sdk\8.0.200\Extensions\Microsoft.TestPlatform.Extensions.BlameDataCollector.dll
C:\Program Files\dotnet\sdk\8.0.200\Extensions\Microsoft.TestPlatform.Extensions.EventLogCollector.dll
C:\Program Files\dotnet\sdk\8.0.200\Extensions\Microsoft.TestPlatform.TestHostRuntimeProvider.dll
C:\Program Files\dotnet\sdk\8.0.200\Extensions\Microsoft.VisualStudio.TestPlatform.Extensions.Html.TestLogger.dll
C:\Program Files\dotnet\sdk\8.0.200\Extensions\Microsoft.VisualStudio.TestPlatform.Extensions.Trx.TestLogger.dll
TpTrace Verbose: 0 : 15460, 1, 2024/04/03, 21:49:52.154, 80825262733, vstest.console.dll, TestPluginCache.GetExtensionPaths: Added unfilterableExtensionPaths: 
TpTrace Information: 0 : 15460, 1, 2024/04/03, 21:49:52.155, 80825273802, vstest.console.dll, AssemblyResolver.ctor: Creating AssemblyResolver with searchDirectories C:\Program Files\dotnet\sdk\8.0.200\Extensions,C:\Program Files\dotnet\sdk\8.0.200
TpTrace Verbose: 0 : 15460, 1, 2024/04/03, 21:49:52.157, 80825299269, vstest.console.dll, TestPluginCache.DiscoverTestExtensions: Discovering the extensions using extension path.
TpTrace Verbose: 0 : 15460, 1, 2024/04/03, 21:49:52.157, 80825301436, vstest.console.dll, TestPluginCache.GetExtensionPaths: Filtered extension paths: 
TpTrace Verbose: 0 : 15460, 1, 2024/04/03, 21:49:52.158, 80825302002, vstest.console.dll, TestPluginCache.GetExtensionPaths: Added default extension paths: C:\Program Files\dotnet\sdk\8.0.200\Extensions\Microsoft.Diagnostics.NETCore.Client.dll
C:\Program Files\dotnet\sdk\8.0.200\Extensions\Microsoft.TestPlatform.Extensions.BlameDataCollector.dll
C:\Program Files\dotnet\sdk\8.0.200\Extensions\Microsoft.TestPlatform.Extensions.EventLogCollector.dll
C:\Program Files\dotnet\sdk\8.0.200\Extensions\Microsoft.TestPlatform.TestHostRuntimeProvider.dll
C:\Program Files\dotnet\sdk\8.0.200\Extensions\Microsoft.VisualStudio.TestPlatform.Extensions.Html.TestLogger.dll
C:\Program Files\dotnet\sdk\8.0.200\Extensions\Microsoft.VisualStudio.TestPlatform.Extensions.Trx.TestLogger.dll
TpTrace Verbose: 0 : 15460, 1, 2024/04/03, 21:49:52.158, 80825302461, vstest.console.dll, TestPluginCache.GetExtensionPaths: Added unfilterableExtensionPaths: 
TpTrace Verbose: 0 : 15460, 1, 2024/04/03, 21:49:52.158, 80825303632, vstest.console.dll, TestPluginCache.DiscoverTestExtensions: Discovering the extensions using allExtensionPaths: C:\Program Files\dotnet\sdk\8.0.200\Extensions\Microsoft.Diagnostics.NETCore.Client.dll
C:\Program Files\dotnet\sdk\8.0.200\Extensions\Microsoft.TestPlatform.Extensions.BlameDataCollector.dll
C:\Program Files\dotnet\sdk\8.0.200\Extensions\Microsoft.TestPlatform.Extensions.EventLogCollector.dll
C:\Program Files\dotnet\sdk\8.0.200\Extensions\Microsoft.TestPlatform.TestHostRuntimeProvider.dll
C:\Program Files\dotnet\sdk\8.0.200\Extensions\Microsoft.VisualStudio.TestPlatform.Extensions.Html.TestLogger.dll
C:\Program Files\dotnet\sdk\8.0.200\Extensions\Microsoft.VisualStudio.TestPlatform.Extensions.Trx.TestLogger.dll
TpTrace Information: 0 : 15460, 1, 2024/04/03, 21:49:52.158, 80825305695, vstest.console.dll, AssemblyResolver.AddSearchDirectories: Adding more searchDirectories C:\Program Files\dotnet\sdk\8.0.200\Extensions,C:\Program Files\dotnet\sdk\8.0.200
TpTrace Information: 0 : 15460, 1, 2024/04/03, 21:49:52.158, 80825306751, vstest.console.dll, AssemblyResolver.AddSearchDirectories: Adding more searchDirectories C:\Program Files\dotnet\sdk\8.0.200\Extensions,C:\Program Files\dotnet\sdk\8.0.200
TpTrace Information: 0 : 15460, 1, 2024/04/03, 21:49:52.158, 80825307251, vstest.console.dll, AssemblyResolver.AddSearchDirectories: Adding more searchDirectories C:\Program Files\dotnet\sdk\8.0.200\Extensions,C:\Program Files\dotnet\sdk\8.0.200
TpTrace Information: 0 : 15460, 1, 2024/04/03, 21:49:52.158, 80825307947, vstest.console.dll, AssemblyResolver.AddSearchDirectories: Adding more searchDirectories C:\Program Files\dotnet\sdk\8.0.200\Extensions,C:\Program Files\dotnet\sdk\8.0.200
TpTrace Information: 0 : 15460, 1, 2024/04/03, 21:49:52.158, 80825308473, vstest.console.dll, AssemblyResolver.AddSearchDirectories: Adding more searchDirectories C:\Program Files\dotnet\sdk\8.0.200\Extensions,C:\Program Files\dotnet\sdk\8.0.200
TpTrace Information: 0 : 15460, 1, 2024/04/03, 21:49:52.158, 80825308976, vstest.console.dll, AssemblyResolver.AddSearchDirectories: Adding more searchDirectories C:\Program Files\dotnet\sdk\8.0.200\Extensions,C:\Program Files\dotnet\sdk\8.0.200
TpTrace Information: 0 : 15460, 1, 2024/04/03, 21:49:52.159, 80825315223, vstest.console.dll, AssemblyResolver.OnResolve: Microsoft.Diagnostics.NETCore.Client: Resolving assembly.
TpTrace Information: 0 : 15460, 1, 2024/04/03, 21:49:52.159, 80825316519, vstest.console.dll, AssemblyResolver.OnResolve: Microsoft.Diagnostics.NETCore.Client: Searching in: 'C:\Program Files\dotnet\sdk\8.0.200\Extensions'.
TpTrace Information: 0 : 15460, 1, 2024/04/03, 21:49:52.240, 80826130170, vstest.console.dll, AssemblyResolver.OnResolve: Microsoft.Diagnostics.NETCore.Client: Loading assembly 'C:\Program Files\dotnet\sdk\8.0.200\Extensions\Microsoft.Diagnostics.NETCore.Client.dll'.
TpTrace Information: 0 : 15460, 1, 2024/04/03, 21:49:52.259, 80826315508, vstest.console.dll, AssemblyResolver.OnResolve: Resolved assembly: Microsoft.Diagnostics.NETCore.Client, from path: C:\Program Files\dotnet\sdk\8.0.200\Extensions\Microsoft.Diagnostics.NETCore.Client.dll
TpTrace Verbose: 0 : 15460, 1, 2024/04/03, 21:49:52.270, 80826421796, vstest.console.dll, MetadataReaderExtensionsHelper: Discovering extensions inside assembly 'Microsoft.Diagnostics.NETCore.Client, Version=0.2.9.2401, Culture=neutral, PublicKeyToken=31bf3856ad364e35' file path 'C:\Program Files\dotnet\sdk\8.0.200\Extensions\Microsoft.Diagnostics.NETCore.Client.dll'
TpTrace Information: 0 : 15460, 1, 2024/04/03, 21:49:52.312, 80826851427, vstest.console.dll, AssemblyResolver.OnResolve: Microsoft.Bcl.AsyncInterfaces: Resolving assembly.
TpTrace Information: 0 : 15460, 1, 2024/04/03, 21:49:52.313, 80826854504, vstest.console.dll, AssemblyResolver.OnResolve: Microsoft.Bcl.AsyncInterfaces: Searching in: 'C:\Program Files\dotnet\sdk\8.0.200\Extensions'.
TpTrace Information: 0 : 15460, 1, 2024/04/03, 21:49:52.313, 80826856131, vstest.console.dll, AssemblyResolver.OnResolve: Microsoft.Bcl.AsyncInterfaces: Assembly path does not exist: 'C:\Program Files\dotnet\sdk\8.0.200\Extensions\Microsoft.Bcl.AsyncInterfaces.dll', returning.
TpTrace Information: 0 : 15460, 1, 2024/04/03, 21:49:52.313, 80826857749, vstest.console.dll, AssemblyResolver.OnResolve: Microsoft.Bcl.AsyncInterfaces: Assembly path does not exist: 'C:\Program Files\dotnet\sdk\8.0.200\Extensions\Microsoft.Bcl.AsyncInterfaces.exe', returning.
TpTrace Information: 0 : 15460, 1, 2024/04/03, 21:49:52.313, 80826858411, vstest.console.dll, AssemblyResolver.OnResolve: Microsoft.Bcl.AsyncInterfaces: Searching in: 'C:\Program Files\dotnet\sdk\8.0.200'.
TpTrace Information: 0 : 15460, 1, 2024/04/03, 21:49:52.313, 80826859215, vstest.console.dll, AssemblyResolver.OnResolve: Microsoft.Bcl.AsyncInterfaces: Assembly path does not exist: 'C:\Program Files\dotnet\sdk\8.0.200\Microsoft.Bcl.AsyncInterfaces.dll', returning.
TpTrace Information: 0 : 15460, 1, 2024/04/03, 21:49:52.313, 80826859974, vstest.console.dll, AssemblyResolver.OnResolve: Microsoft.Bcl.AsyncInterfaces: Assembly path does not exist: 'C:\Program Files\dotnet\sdk\8.0.200\Microsoft.Bcl.AsyncInterfaces.exe', returning.
TpTrace Information: 0 : 15460, 1, 2024/04/03, 21:49:52.313, 80826860373, vstest.console.dll, AssemblyResolver.OnResolve: Microsoft.Bcl.AsyncInterfaces: Failed to load assembly.
TpTrace Verbose: 0 : 15460, 1, 2024/04/03, 21:49:52.313, 80826860985, vstest.console.dll, CurrentDomainAssemblyResolve: Resolving assembly 'Microsoft.Bcl.AsyncInterfaces'.
TpTrace Information: 0 : 15460, 1, 2024/04/03, 21:49:52.314, 80826862156, vstest.console.dll, AssemblyResolver.OnResolve: Microsoft.Bcl.AsyncInterfaces: Resolving assembly.
TpTrace Information: 0 : 15460, 1, 2024/04/03, 21:49:52.314, 80826862708, vstest.console.dll, AssemblyResolver.OnResolve: Microsoft.Bcl.AsyncInterfaces: Resolved from cache.
TpTrace Verbose: 0 : 15460, 1, 2024/04/03, 21:49:52.314, 80826863256, vstest.console.dll, CurrentDomainAssemblyResolve: Resolving assembly 'Microsoft.Bcl.AsyncInterfaces'.
TpTrace Verbose: 0 : 15460, 1, 2024/04/03, 21:49:52.314, 80826863749, vstest.console.dll, CurrentDomainAssemblyResolve: Failed to resolve assembly 'Microsoft.Bcl.AsyncInterfaces'.
TpTrace Verbose: 0 : 15460, 1, 2024/04/03, 21:49:52.455, 80828278261, vstest.console.dll, CurrentDomainAssemblyResolve: Failed to resolve assembly 'Microsoft.Bcl.AsyncInterfaces'.
TpTrace Warning: 0 : 15460, 1, 2024/04/03, 21:49:52.698, 80830705930, vstest.console.dll, TestPluginDiscoverer: Failed to get types from assembly 'Microsoft.Diagnostics.NETCore.Client, Version=0.2.9.2401, Culture=neutral, PublicKeyToken=31bf3856ad364e35'. Error: System.Reflection.ReflectionTypeLoadException: Unable to load one or more of the requested types.
Could not load file or assembly 'Microsoft.Bcl.AsyncInterfaces, Version=6.0.0.0, Culture=neutral, PublicKeyToken=cc7b13ffcd2ddd51'. The system cannot find the file specified.
   at System.Reflection.RuntimeModule.GetTypes(RuntimeModule module)
   at System.Reflection.RuntimeModule.GetTypes()
   at Microsoft.VisualStudio.TestPlatform.Common.ExtensionFramework.TestPluginDiscoverer.GetTestExtensionsFromAssembly[TPluginInfo,TExtension](Assembly assembly, Dictionary`2 pluginInfos, String filePath) in /_/src/Microsoft.TestPlatform.Common/ExtensionFramework/TestPluginDiscoverer.cs:line 158
System.IO.FileNotFoundException: Could not load file or assembly 'Microsoft.Bcl.AsyncInterfaces, Version=6.0.0.0, Culture=neutral, PublicKeyToken=cc7b13ffcd2ddd51'. The system cannot find the file specified.
File name: 'Microsoft.Bcl.AsyncInterfaces, Version=6.0.0.0, Culture=neutral, PublicKeyToken=cc7b13ffcd2ddd51'
 ---> System.IO.FileNotFoundException: Could not load file or assembly 'Microsoft.Bcl.AsyncInterfaces, Culture=neutral, PublicKeyToken=null'. The system cannot find the file specified.
File name: 'Microsoft.Bcl.AsyncInterfaces, Culture=neutral, PublicKeyToken=null'
   at System.Reflection.RuntimeAssembly.InternalLoad(AssemblyName assemblyName, StackCrawlMark& stackMark, AssemblyLoadContext assemblyLoadContext, RuntimeAssembly requestingAssembly, Boolean throwOnFileNotFound)
   at System.Reflection.Assembly.Load(AssemblyName assemblyRef)
   at Microsoft.VisualStudio.TestPlatform.Common.ExtensionFramework.TestPluginCache.CurrentDomainAssemblyResolve(Object sender, AssemblyResolveEventArgs args) in /_/src/Microsoft.TestPlatform.Common/ExtensionFramework/TestPluginCache.cs:line 513
   at System.Runtime.Loader.AssemblyLoadContext.GetFirstResolvedAssemblyFromResolvingEvent(AssemblyName assemblyName)
   at System.Runtime.Loader.AssemblyLoadContext.ResolveUsingEvent(AssemblyName assemblyName)
   at System.Runtime.Loader.AssemblyLoadContext.ResolveUsingResolvingEvent(IntPtr gchManagedAssemblyLoadContext, AssemblyName assemblyName)
TpTrace Warning: 0 : 15460, 1, 2024/04/03, 21:49:52.698, 80830711312, vstest.console.dll, LoaderExceptions: System.IO.FileNotFoundException: Could not load file or assembly 'Microsoft.Bcl.AsyncInterfaces, Version=6.0.0.0, Culture=neutral, PublicKeyToken=cc7b13ffcd2ddd51'. The system cannot find the file specified.
File name: 'Microsoft.Bcl.AsyncInterfaces, Version=6.0.0.0, Culture=neutral, PublicKeyToken=cc7b13ffcd2ddd51'
 ---> System.IO.FileNotFoundException: Could not load file or assembly 'Microsoft.Bcl.AsyncInterfaces, Culture=neutral, PublicKeyToken=null'. The system cannot find the file specified.
File name: 'Microsoft.Bcl.AsyncInterfaces, Culture=neutral, PublicKeyToken=null'
   at System.Reflection.RuntimeAssembly.InternalLoad(AssemblyName assemblyName, StackCrawlMark& stackMark, AssemblyLoadContext assemblyLoadContext, RuntimeAssembly requestingAssembly, Boolean throwOnFileNotFound)
   at System.Reflection.Assembly.Load(AssemblyName assemblyRef)
   at Microsoft.VisualStudio.TestPlatform.Common.ExtensionFramework.TestPluginCache.CurrentDomainAssemblyResolve(Object sender, AssemblyResolveEventArgs args) in /_/src/Microsoft.TestPlatform.Common/ExtensionFramework/TestPluginCache.cs:line 513
   at System.Runtime.Loader.AssemblyLoadContext.GetFirstResolvedAssemblyFromResolvingEvent(AssemblyName assemblyName)
   at System.Runtime.Loader.AssemblyLoadContext.ResolveUsingEvent(AssemblyName assemblyName)
   at System.Runtime.Loader.AssemblyLoadContext.ResolveUsingResolvingEvent(IntPtr gchManagedAssemblyLoadContext, AssemblyName assemblyName)
TpTrace Information: 0 : 15460, 1, 2024/04/03, 21:49:52.699, 80830713229, vstest.console.dll, AssemblyResolver.OnResolve: Microsoft.TestPlatform.Extensions.BlameDataCollector: Resolving assembly.
TpTrace Information: 0 : 15460, 1, 2024/04/03, 21:49:52.699, 80830714139, vstest.console.dll, AssemblyResolver.OnResolve: Microsoft.TestPlatform.Extensions.BlameDataCollector: Searching in: 'C:\Program Files\dotnet\sdk\8.0.200\Extensions'.
TpTrace Information: 0 : 15460, 1, 2024/04/03, 21:49:52.857, 80832293194, vstest.console.dll, AssemblyResolver.OnResolve: Microsoft.TestPlatform.Extensions.BlameDataCollector: Loading assembly 'C:\Program Files\dotnet\sdk\8.0.200\Extensions\Microsoft.TestPlatform.Extensions.BlameDataCollector.dll'.
TpTrace Information: 0 : 15460, 1, 2024/04/03, 21:49:52.876, 80832489019, vstest.console.dll, AssemblyResolver.OnResolve: Resolved assembly: Microsoft.TestPlatform.Extensions.BlameDataCollector, from path: C:\Program Files\dotnet\sdk\8.0.200\Extensions\Microsoft.TestPlatform.Extensions.BlameDataCollector.dll
TpTrace Verbose: 0 : 15460, 1, 2024/04/03, 21:49:52.876, 80832491159, vstest.console.dll, MetadataReaderExtensionsHelper: Discovering extensions inside assembly 'Microsoft.TestPlatform.Extensions.BlameDataCollector, Version=15.0.0.0, Culture=neutral, PublicKeyToken=b03f5f7f11d50a3a' file path 'C:\Program Files\dotnet\sdk\8.0.200\Extensions\Microsoft.TestPlatform.Extensions.BlameDataCollector.dll'
TpTrace Information: 0 : 15460, 1, 2024/04/03, 21:49:52.884, 80832568185, vstest.console.dll, AssemblyResolver.OnResolve: Microsoft.TestPlatform.Extensions.EventLogCollector: Resolving assembly.
TpTrace Information: 0 : 15460, 1, 2024/04/03, 21:49:52.884, 80832570415, vstest.console.dll, AssemblyResolver.OnResolve: Microsoft.TestPlatform.Extensions.EventLogCollector: Searching in: 'C:\Program Files\dotnet\sdk\8.0.200\Extensions'.
TpTrace Information: 0 : 15460, 1, 2024/04/03, 21:49:52.898, 80832711082, vstest.console.dll, AssemblyResolver.OnResolve: Microsoft.TestPlatform.Extensions.EventLogCollector: Loading assembly 'C:\Program Files\dotnet\sdk\8.0.200\Extensions\Microsoft.TestPlatform.Extensions.EventLogCollector.dll'.
TpTrace Information: 0 : 15460, 1, 2024/04/03, 21:49:52.899, 80832719298, vstest.console.dll, AssemblyResolver.OnResolve: Resolved assembly: Microsoft.TestPlatform.Extensions.EventLogCollector, from path: C:\Program Files\dotnet\sdk\8.0.200\Extensions\Microsoft.TestPlatform.Extensions.EventLogCollector.dll
TpTrace Verbose: 0 : 15460, 1, 2024/04/03, 21:49:52.899, 80832720756, vstest.console.dll, MetadataReaderExtensionsHelper: Discovering extensions inside assembly 'Microsoft.TestPlatform.Extensions.EventLogCollector, Version=15.0.0.0, Culture=neutral, PublicKeyToken=b03f5f7f11d50a3a' file path 'C:\Program Files\dotnet\sdk\8.0.200\Extensions\Microsoft.TestPlatform.Extensions.EventLogCollector.dll'
TpTrace Information: 0 : 15460, 1, 2024/04/03, 21:49:52.917, 80832901290, vstest.console.dll, AssemblyResolver.OnResolve: Microsoft.TestPlatform.TestHostRuntimeProvider: Resolving assembly.
TpTrace Information: 0 : 15460, 1, 2024/04/03, 21:49:52.918, 80832903538, vstest.console.dll, AssemblyResolver.OnResolve: Microsoft.TestPlatform.TestHostRuntimeProvider: Searching in: 'C:\Program Files\dotnet\sdk\8.0.200\Extensions'.
TpTrace Information: 0 : 15460, 1, 2024/04/03, 21:49:52.933, 80833052040, vstest.console.dll, AssemblyResolver.OnResolve: Microsoft.TestPlatform.TestHostRuntimeProvider: Loading assembly 'C:\Program Files\dotnet\sdk\8.0.200\Extensions\Microsoft.TestPlatform.TestHostRuntimeProvider.dll'.
TpTrace Information: 0 : 15460, 1, 2024/04/03, 21:49:52.938, 80833104298, vstest.console.dll, AssemblyResolver.OnResolve: Resolved assembly: Microsoft.TestPlatform.TestHostRuntimeProvider, from path: C:\Program Files\dotnet\sdk\8.0.200\Extensions\Microsoft.TestPlatform.TestHostRuntimeProvider.dll
TpTrace Verbose: 0 : 15460, 1, 2024/04/03, 21:49:52.938, 80833106061, vstest.console.dll, MetadataReaderExtensionsHelper: Discovering extensions inside assembly 'Microsoft.TestPlatform.TestHostRuntimeProvider, Version=15.0.0.0, Culture=neutral, PublicKeyToken=b03f5f7f11d50a3a' file path 'C:\Program Files\dotnet\sdk\8.0.200\Extensions\Microsoft.TestPlatform.TestHostRuntimeProvider.dll'
TpTrace Information: 0 : 15460, 1, 2024/04/03, 21:49:52.952, 80833249501, vstest.console.dll, GetTestExtensionFromType: Register extension with identifier data 'HostProvider://DefaultTestHost' and type 'Microsoft.VisualStudio.TestPlatform.CrossPlatEngine.Hosting.DefaultTestHostManager, Microsoft.TestPlatform.TestHostRuntimeProvider, Version=15.0.0.0, Culture=neutral, PublicKeyToken=b03f5f7f11d50a3a' inside file 'C:\Program Files\dotnet\sdk\8.0.200\Extensions\Microsoft.TestPlatform.TestHostRuntimeProvider.dll'
TpTrace Information: 0 : 15460, 1, 2024/04/03, 21:49:52.953, 80833254977, vstest.console.dll, GetTestExtensionFromType: Register extension with identifier data 'HostProvider://DotnetTestHost' and type 'Microsoft.VisualStudio.TestPlatform.CrossPlatEngine.Hosting.DotnetTestHostManager, Microsoft.TestPlatform.TestHostRuntimeProvider, Version=15.0.0.0, Culture=neutral, PublicKeyToken=b03f5f7f11d50a3a' inside file 'C:\Program Files\dotnet\sdk\8.0.200\Extensions\Microsoft.TestPlatform.TestHostRuntimeProvider.dll'
TpTrace Information: 0 : 15460, 1, 2024/04/03, 21:49:52.953, 80833256797, vstest.console.dll, AssemblyResolver.OnResolve: Microsoft.VisualStudio.TestPlatform.Extensions.Html.TestLogger: Resolving assembly.
TpTrace Information: 0 : 15460, 1, 2024/04/03, 21:49:52.953, 80833257835, vstest.console.dll, AssemblyResolver.OnResolve: Microsoft.VisualStudio.TestPlatform.Extensions.Html.TestLogger: Searching in: 'C:\Program Files\dotnet\sdk\8.0.200\Extensions'.
TpTrace Information: 0 : 15460, 1, 2024/04/03, 21:49:52.970, 80833427942, vstest.console.dll, AssemblyResolver.OnResolve: Microsoft.VisualStudio.TestPlatform.Extensions.Html.TestLogger: Loading assembly 'C:\Program Files\dotnet\sdk\8.0.200\Extensions\Microsoft.VisualStudio.TestPlatform.Extensions.Html.TestLogger.dll'.
TpTrace Information: 0 : 15460, 1, 2024/04/03, 21:49:52.981, 80833534820, vstest.console.dll, AssemblyResolver.OnResolve: Resolved assembly: Microsoft.VisualStudio.TestPlatform.Extensions.Html.TestLogger, from path: C:\Program Files\dotnet\sdk\8.0.200\Extensions\Microsoft.VisualStudio.TestPlatform.Extensions.Html.TestLogger.dll
TpTrace Verbose: 0 : 15460, 1, 2024/04/03, 21:49:52.981, 80833536278, vstest.console.dll, MetadataReaderExtensionsHelper: Discovering extensions inside assembly 'Microsoft.VisualStudio.TestPlatform.Extensions.Html.TestLogger, Version=15.0.0.0, Culture=neutral, PublicKeyToken=b03f5f7f11d50a3a' file path 'C:\Program Files\dotnet\sdk\8.0.200\Extensions\Microsoft.VisualStudio.TestPlatform.Extensions.Html.TestLogger.dll'
TpTrace Information: 0 : 15460, 1, 2024/04/03, 21:49:52.984, 80833566167, vstest.console.dll, AssemblyResolver.OnResolve: Microsoft.VisualStudio.TestPlatform.Extensions.Trx.TestLogger: Resolving assembly.
TpTrace Information: 0 : 15460, 1, 2024/04/03, 21:49:52.984, 80833567380, vstest.console.dll, AssemblyResolver.OnResolve: Microsoft.VisualStudio.TestPlatform.Extensions.Trx.TestLogger: Searching in: 'C:\Program Files\dotnet\sdk\8.0.200\Extensions'.
TpTrace Information: 0 : 15460, 1, 2024/04/03, 21:49:52.999, 80833712117, vstest.console.dll, AssemblyResolver.OnResolve: Microsoft.VisualStudio.TestPlatform.Extensions.Trx.TestLogger: Loading assembly 'C:\Program Files\dotnet\sdk\8.0.200\Extensions\Microsoft.VisualStudio.TestPlatform.Extensions.Trx.TestLogger.dll'.
TpTrace Information: 0 : 15460, 1, 2024/04/03, 21:49:53.003, 80833757712, vstest.console.dll, AssemblyResolver.OnResolve: Resolved assembly: Microsoft.VisualStudio.TestPlatform.Extensions.Trx.TestLogger, from path: C:\Program Files\dotnet\sdk\8.0.200\Extensions\Microsoft.VisualStudio.TestPlatform.Extensions.Trx.TestLogger.dll
TpTrace Verbose: 0 : 15460, 1, 2024/04/03, 21:49:53.003, 80833758957, vstest.console.dll, MetadataReaderExtensionsHelper: Discovering extensions inside assembly 'Microsoft.VisualStudio.TestPlatform.Extensions.Trx.TestLogger, Version=15.0.0.0, Culture=neutral, PublicKeyToken=b03f5f7f11d50a3a' file path 'C:\Program Files\dotnet\sdk\8.0.200\Extensions\Microsoft.VisualStudio.TestPlatform.Extensions.Trx.TestLogger.dll'
TpTrace Verbose: 0 : 15460, 1, 2024/04/03, 21:49:53.014, 80833864607, vstest.console.dll, TestPluginCache: Discovered the extensions using extension path ''.
TpTrace Verbose: 0 : 15460, 1, 2024/04/03, 21:49:53.014, 80833865706, vstest.console.dll, TestPluginCache: Discoverers are ''.
TpTrace Verbose: 0 : 15460, 1, 2024/04/03, 21:49:53.014, 80833866051, vstest.console.dll, TestPluginCache: Executors are ''.
TpTrace Verbose: 0 : 15460, 1, 2024/04/03, 21:49:53.014, 80833866492, vstest.console.dll, TestPluginCache: Executors2 are ''.
TpTrace Verbose: 0 : 15460, 1, 2024/04/03, 21:49:53.014, 80833866779, vstest.console.dll, TestPluginCache: Setting providers are ''.
TpTrace Verbose: 0 : 15460, 1, 2024/04/03, 21:49:53.014, 80833867105, vstest.console.dll, TestPluginCache: Loggers are ''.
TpTrace Verbose: 0 : 15460, 1, 2024/04/03, 21:49:53.014, 80833869058, vstest.console.dll, TestPluginCache: TestHosts are 'HostProvider://DefaultTestHost,HostProvider://DotnetTestHost'.
TpTrace Verbose: 0 : 15460, 1, 2024/04/03, 21:49:53.014, 80833869482, vstest.console.dll, TestPluginCache: DataCollectors are ''.
TpTrace Information: 0 : 15460, 1, 2024/04/03, 21:49:53.197, 80835694766, vstest.console.dll, RunTestsArgumentProcessor:Execute: Test run is starting.
TpTrace Verbose: 0 : 15460, 1, 2024/04/03, 21:49:53.197, 80835699263, vstest.console.dll, RunTestsArgumentProcessor:Execute: Queuing Test run.
TpTrace Information: 0 : 15460, 1, 2024/04/03, 21:49:53.198, 80835705184, vstest.console.dll, TestRequestManager.RunTests: run tests started.
TpTrace Information: 0 : 15460, 1, 2024/04/03, 21:49:53.200, 80835727458, vstest.console.dll, AssemblyMetadataProvider.GetFrameworkName: Determined framework:'.NETCoreApp,Version=v6.0' for source: 'D:\SoftUniProjects\CI 2 Jenkins\02-House-Renting-System-App\HouseRentingSystem.Tests\bin\Debug\net6.0\fine-code-coverage\build-output\HouseRentingSystem.Tests.dll'
TpTrace Information: 0 : 15460, 1, 2024/04/03, 21:49:53.201, 80835731609, vstest.console.dll, Determined framework for all sources: .NETCoreApp,Version=v6.0
TpTrace Verbose: 0 : 15460, 1, 2024/04/03, 21:49:53.201, 80835738878, vstest.console.dll, TestRequestManager.UpdateRunSettingsIfRequired: Default architecture: X64 IsDefaultTargetArchitecture: True, Current process architecture: X64 OperatingSystem: Windows.
TpTrace Information: 0 : 15460, 1, 2024/04/03, 21:49:53.205, 80835772540, vstest.console.dll, AssemblyMetadataProvider.GetArchitecture: Determined architecture:AnyCPU info for assembly: D:\SoftUniProjects\CI 2 Jenkins\02-House-Renting-System-App\HouseRentingSystem.Tests\bin\Debug\net6.0\fine-code-coverage\build-output\HouseRentingSystem.Tests.dll
TpTrace Information: 0 : 15460, 1, 2024/04/03, 21:49:53.205, 80835774007, vstest.console.dll, Determined platform for source 'D:\SoftUniProjects\CI 2 Jenkins\02-House-Renting-System-App\HouseRentingSystem.Tests\bin\Debug\net6.0\fine-code-coverage\build-output\HouseRentingSystem.Tests.dll' was AnyCPU and it will use the default plaform X64.
TpTrace Information: 0 : 15460, 1, 2024/04/03, 21:49:53.205, 80835774897, vstest.console.dll, None of the sources provided any runnable platform, using the default platform: X64
TpTrace Information: 0 : 15460, 1, 2024/04/03, 21:49:53.205, 80835777265, vstest.console.dll, Platform was updated to 'X64'.
TpTrace Information: 0 : 15460, 1, 2024/04/03, 21:49:53.283, 80836556932, vstest.console.dll, InferRunSettingsHelper.IsTestSettingsEnabled: Unable to navigate to RunSettings/MSTest. Current node: RunSettings
TpTrace Information: 0 : 15460, 1, 2024/04/03, 21:49:53.284, 80836567427, vstest.console.dll, AssemblyResolver.OnResolve: Microsoft.VisualStudio.TestPlatform.Fakes: Resolving assembly.
TpTrace Information: 0 : 15460, 1, 2024/04/03, 21:49:53.284, 80836568644, vstest.console.dll, AssemblyResolver.OnResolve: Microsoft.VisualStudio.TestPlatform.Fakes: Searching in: 'C:\Program Files\dotnet\sdk\8.0.200\Extensions'.
TpTrace Information: 0 : 15460, 1, 2024/04/03, 21:49:53.284, 80836570074, vstest.console.dll, AssemblyResolver.OnResolve: Microsoft.VisualStudio.TestPlatform.Fakes: Assembly path does not exist: 'C:\Program Files\dotnet\sdk\8.0.200\Extensions\Microsoft.VisualStudio.TestPlatform.Fakes.dll', returning.
TpTrace Information: 0 : 15460, 1, 2024/04/03, 21:49:53.284, 80836570878, vstest.console.dll, AssemblyResolver.OnResolve: Microsoft.VisualStudio.TestPlatform.Fakes: Assembly path does not exist: 'C:\Program Files\dotnet\sdk\8.0.200\Extensions\Microsoft.VisualStudio.TestPlatform.Fakes.exe', returning.
TpTrace Information: 0 : 15460, 1, 2024/04/03, 21:49:53.284, 80836571272, vstest.console.dll, AssemblyResolver.OnResolve: Microsoft.VisualStudio.TestPlatform.Fakes: Searching in: 'C:\Program Files\dotnet\sdk\8.0.200'.
TpTrace Information: 0 : 15460, 1, 2024/04/03, 21:49:53.285, 80836572076, vstest.console.dll, AssemblyResolver.OnResolve: Microsoft.VisualStudio.TestPlatform.Fakes: Assembly path does not exist: 'C:\Program Files\dotnet\sdk\8.0.200\Microsoft.VisualStudio.TestPlatform.Fakes.dll', returning.
TpTrace Information: 0 : 15460, 1, 2024/04/03, 21:49:53.285, 80836572794, vstest.console.dll, AssemblyResolver.OnResolve: Microsoft.VisualStudio.TestPlatform.Fakes: Assembly path does not exist: 'C:\Program Files\dotnet\sdk\8.0.200\Microsoft.VisualStudio.TestPlatform.Fakes.exe', returning.
TpTrace Information: 0 : 15460, 1, 2024/04/03, 21:49:53.285, 80836573165, vstest.console.dll, AssemblyResolver.OnResolve: Microsoft.VisualStudio.TestPlatform.Fakes: Failed to load assembly.
TpTrace Information: 0 : 15460, 1, 2024/04/03, 21:49:53.285, 80836576499, vstest.console.dll, Failed to load assembly Microsoft.VisualStudio.TestPlatform.Fakes, Version=17.0.0.0, Culture=neutral. Reason:System.IO.FileNotFoundException: Could not load file or assembly 'Microsoft.VisualStudio.TestPlatform.Fakes, Version=17.0.0.0, Culture=neutral, PublicKeyToken=null'. The system cannot find the file specified.
File name: 'Microsoft.VisualStudio.TestPlatform.Fakes, Version=17.0.0.0, Culture=neutral, PublicKeyToken=null'
   at System.Reflection.RuntimeAssembly.InternalLoad(AssemblyName assemblyName, StackCrawlMark& stackMark, AssemblyLoadContext assemblyLoadContext, RuntimeAssembly requestingAssembly, Boolean throwOnFileNotFound)
   at System.Reflection.Assembly.Load(AssemblyName assemblyRef)
   at Microsoft.VisualStudio.TestPlatform.Common.Utilities.FakesUtilities.LoadTestPlatformAssembly() in /_/src/Microsoft.TestPlatform.Common/Utilities/FakesUtilities.cs:line 272
TpTrace Verbose: 0 : 15460, 1, 2024/04/03, 21:49:53.290, 80836631025, vstest.console.dll, TestPluginCache.DiscoverTestExtensions: finding test extensions in assemblies ends with: TestLogger.dll TPluginInfo: Microsoft.VisualStudio.TestPlatform.Common.ExtensionFramework.Utilities.TestLoggerPluginInformation TExtension: Microsoft.VisualStudio.TestPlatform.ObjectModel.Client.ITestLogger
TpTrace Verbose: 0 : 15460, 1, 2024/04/03, 21:49:53.291, 80836632443, vstest.console.dll, TestPluginCache.GetExtensionPaths: Filtered extension paths: 
TpTrace Verbose: 0 : 15460, 1, 2024/04/03, 21:49:53.291, 80836632997, vstest.console.dll, TestPluginCache.GetExtensionPaths: Added default extension paths: C:\Program Files\dotnet\sdk\8.0.200\Extensions\Microsoft.Diagnostics.NETCore.Client.dll
C:\Program Files\dotnet\sdk\8.0.200\Extensions\Microsoft.TestPlatform.Extensions.BlameDataCollector.dll
C:\Program Files\dotnet\sdk\8.0.200\Extensions\Microsoft.TestPlatform.Extensions.EventLogCollector.dll
C:\Program Files\dotnet\sdk\8.0.200\Extensions\Microsoft.TestPlatform.TestHostRuntimeProvider.dll
C:\Program Files\dotnet\sdk\8.0.200\Extensions\Microsoft.VisualStudio.TestPlatform.Extensions.Html.TestLogger.dll
C:\Program Files\dotnet\sdk\8.0.200\Extensions\Microsoft.VisualStudio.TestPlatform.Extensions.Trx.TestLogger.dll
TpTrace Verbose: 0 : 15460, 1, 2024/04/03, 21:49:53.420, 80837924265, vstest.console.dll, TestPluginCache.GetExtensionPaths: Added unfilterableExtensionPaths: 
TpTrace Information: 0 : 15460, 1, 2024/04/03, 21:49:53.420, 80837926649, vstest.console.dll, AssemblyResolver.AddSearchDirectories: Adding more searchDirectories C:\Program Files\dotnet\sdk\8.0.200\Extensions,C:\Program Files\dotnet\sdk\8.0.200
TpTrace Verbose: 0 : 15460, 1, 2024/04/03, 21:49:53.420, 80837927253, vstest.console.dll, TestPluginCache.DiscoverTestExtensions: Discovering the extensions using extension path.
TpTrace Verbose: 0 : 15460, 1, 2024/04/03, 21:49:53.420, 80837927682, vstest.console.dll, TestPluginCache.GetExtensionPaths: Filtered extension paths: 
TpTrace Verbose: 0 : 15460, 1, 2024/04/03, 21:49:53.420, 80837928046, vstest.console.dll, TestPluginCache.GetExtensionPaths: Added default extension paths: C:\Program Files\dotnet\sdk\8.0.200\Extensions\Microsoft.Diagnostics.NETCore.Client.dll
C:\Program Files\dotnet\sdk\8.0.200\Extensions\Microsoft.TestPlatform.Extensions.BlameDataCollector.dll
C:\Program Files\dotnet\sdk\8.0.200\Extensions\Microsoft.TestPlatform.Extensions.EventLogCollector.dll
C:\Program Files\dotnet\sdk\8.0.200\Extensions\Microsoft.TestPlatform.TestHostRuntimeProvider.dll
C:\Program Files\dotnet\sdk\8.0.200\Extensions\Microsoft.VisualStudio.TestPlatform.Extensions.Html.TestLogger.dll
C:\Program Files\dotnet\sdk\8.0.200\Extensions\Microsoft.VisualStudio.TestPlatform.Extensions.Trx.TestLogger.dll
TpTrace Verbose: 0 : 15460, 1, 2024/04/03, 21:49:53.420, 80837928397, vstest.console.dll, TestPluginCache.GetExtensionPaths: Added unfilterableExtensionPaths: 
TpTrace Verbose: 0 : 15460, 1, 2024/04/03, 21:49:53.420, 80837928757, vstest.console.dll, TestPluginCache.DiscoverTestExtensions: Discovering the extensions using allExtensionPaths: C:\Program Files\dotnet\sdk\8.0.200\Extensions\Microsoft.Diagnostics.NETCore.Client.dll
C:\Program Files\dotnet\sdk\8.0.200\Extensions\Microsoft.TestPlatform.Extensions.BlameDataCollector.dll
C:\Program Files\dotnet\sdk\8.0.200\Extensions\Microsoft.TestPlatform.Extensions.EventLogCollector.dll
C:\Program Files\dotnet\sdk\8.0.200\Extensions\Microsoft.TestPlatform.TestHostRuntimeProvider.dll
C:\Program Files\dotnet\sdk\8.0.200\Extensions\Microsoft.VisualStudio.TestPlatform.Extensions.Html.TestLogger.dll
C:\Program Files\dotnet\sdk\8.0.200\Extensions\Microsoft.VisualStudio.TestPlatform.Extensions.Trx.TestLogger.dll
TpTrace Information: 0 : 15460, 1, 2024/04/03, 21:49:53.420, 80837929945, vstest.console.dll, AssemblyResolver.AddSearchDirectories: Adding more searchDirectories C:\Program Files\dotnet\sdk\8.0.200\Extensions,C:\Program Files\dotnet\sdk\8.0.200
TpTrace Information: 0 : 15460, 1, 2024/04/03, 21:49:53.420, 80837930424, vstest.console.dll, AssemblyResolver.AddSearchDirectories: Adding more searchDirectories C:\Program Files\dotnet\sdk\8.0.200\Extensions,C:\Program Files\dotnet\sdk\8.0.200
TpTrace Information: 0 : 15460, 1, 2024/04/03, 21:49:53.420, 80837930809, vstest.console.dll, AssemblyResolver.AddSearchDirectories: Adding more searchDirectories C:\Program Files\dotnet\sdk\8.0.200\Extensions,C:\Program Files\dotnet\sdk\8.0.200
TpTrace Information: 0 : 15460, 1, 2024/04/03, 21:49:53.420, 80837931159, vstest.console.dll, AssemblyResolver.AddSearchDirectories: Adding more searchDirectories C:\Program Files\dotnet\sdk\8.0.200\Extensions,C:\Program Files\dotnet\sdk\8.0.200
TpTrace Information: 0 : 15460, 1, 2024/04/03, 21:49:53.421, 80837931497, vstest.console.dll, AssemblyResolver.AddSearchDirectories: Adding more searchDirectories C:\Program Files\dotnet\sdk\8.0.200\Extensions,C:\Program Files\dotnet\sdk\8.0.200
TpTrace Information: 0 : 15460, 1, 2024/04/03, 21:49:53.421, 80837931833, vstest.console.dll, AssemblyResolver.AddSearchDirectories: Adding more searchDirectories C:\Program Files\dotnet\sdk\8.0.200\Extensions,C:\Program Files\dotnet\sdk\8.0.200
TpTrace Verbose: 0 : 15460, 1, 2024/04/03, 21:49:53.421, 80837935761, vstest.console.dll, MetadataReaderExtensionsHelper: Discovering extensions inside assembly 'Microsoft.Diagnostics.NETCore.Client, Version=0.2.9.2401, Culture=neutral, PublicKeyToken=31bf3856ad364e35' file path 'C:\Program Files\dotnet\sdk\8.0.200\Extensions\Microsoft.Diagnostics.NETCore.Client.dll'
TpTrace Information: 0 : 15460, 1, 2024/04/03, 21:49:53.426, 80837989744, vstest.console.dll, AssemblyResolver.OnResolve: Microsoft.Bcl.AsyncInterfaces: Resolving assembly.
TpTrace Information: 0 : 15460, 1, 2024/04/03, 21:49:53.426, 80837990634, vstest.console.dll, AssemblyResolver.OnResolve: Microsoft.Bcl.AsyncInterfaces: Resolved from cache.
TpTrace Verbose: 0 : 15460, 1, 2024/04/03, 21:49:53.426, 80837990993, vstest.console.dll, CurrentDomainAssemblyResolve: Resolving assembly 'Microsoft.Bcl.AsyncInterfaces'.
TpTrace Information: 0 : 15460, 1, 2024/04/03, 21:49:53.427, 80837991537, vstest.console.dll, AssemblyResolver.OnResolve: Microsoft.Bcl.AsyncInterfaces: Resolving assembly.
TpTrace Information: 0 : 15460, 1, 2024/04/03, 21:49:53.427, 80837991889, vstest.console.dll, AssemblyResolver.OnResolve: Microsoft.Bcl.AsyncInterfaces: Resolved from cache.
TpTrace Verbose: 0 : 15460, 1, 2024/04/03, 21:49:53.427, 80837992184, vstest.console.dll, CurrentDomainAssemblyResolve: Resolving assembly 'Microsoft.Bcl.AsyncInterfaces'.
TpTrace Verbose: 0 : 15460, 1, 2024/04/03, 21:49:53.427, 80837992577, vstest.console.dll, CurrentDomainAssemblyResolve: Failed to resolve assembly 'Microsoft.Bcl.AsyncInterfaces'.
TpTrace Verbose: 0 : 15460, 1, 2024/04/03, 21:49:53.427, 80837998558, vstest.console.dll, CurrentDomainAssemblyResolve: Failed to resolve assembly 'Microsoft.Bcl.AsyncInterfaces'.
TpTrace Warning: 0 : 15460, 1, 2024/04/03, 21:49:53.428, 80838006912, vstest.console.dll, TestPluginDiscoverer: Failed to get types from assembly 'Microsoft.Diagnostics.NETCore.Client, Version=0.2.9.2401, Culture=neutral, PublicKeyToken=31bf3856ad364e35'. Error: System.Reflection.ReflectionTypeLoadException: Unable to load one or more of the requested types.
Could not load file or assembly 'Microsoft.Bcl.AsyncInterfaces, Version=6.0.0.0, Culture=neutral, PublicKeyToken=cc7b13ffcd2ddd51'. The system cannot find the file specified.
   at System.Reflection.RuntimeModule.GetTypes(RuntimeModule module)
   at System.Reflection.RuntimeModule.GetTypes()
   at Microsoft.VisualStudio.TestPlatform.Common.ExtensionFramework.TestPluginDiscoverer.GetTestExtensionsFromAssembly[TPluginInfo,TExtension](Assembly assembly, Dictionary`2 pluginInfos, String filePath) in /_/src/Microsoft.TestPlatform.Common/ExtensionFramework/TestPluginDiscoverer.cs:line 158
System.IO.FileNotFoundException: Could not load file or assembly 'Microsoft.Bcl.AsyncInterfaces, Version=6.0.0.0, Culture=neutral, PublicKeyToken=cc7b13ffcd2ddd51'. The system cannot find the file specified.
File name: 'Microsoft.Bcl.AsyncInterfaces, Version=6.0.0.0, Culture=neutral, PublicKeyToken=cc7b13ffcd2ddd51'
 ---> System.IO.FileNotFoundException: Could not load file or assembly 'Microsoft.Bcl.AsyncInterfaces, Culture=neutral, PublicKeyToken=null'. The system cannot find the file specified.
File name: 'Microsoft.Bcl.AsyncInterfaces, Culture=neutral, PublicKeyToken=null'
   at System.Reflection.RuntimeAssembly.InternalLoad(AssemblyName assemblyName, StackCrawlMark& stackMark, AssemblyLoadContext assemblyLoadContext, RuntimeAssembly requestingAssembly, Boolean throwOnFileNotFound)
   at System.Reflection.Assembly.Load(AssemblyName assemblyRef)
   at Microsoft.VisualStudio.TestPlatform.Common.ExtensionFramework.TestPluginCache.CurrentDomainAssemblyResolve(Object sender, AssemblyResolveEventArgs args) in /_/src/Microsoft.TestPlatform.Common/ExtensionFramework/TestPluginCache.cs:line 513
   at System.Runtime.Loader.AssemblyLoadContext.GetFirstResolvedAssemblyFromResolvingEvent(AssemblyName assemblyName)
   at System.Runtime.Loader.AssemblyLoadContext.ResolveUsingEvent(AssemblyName assemblyName)
   at System.Runtime.Loader.AssemblyLoadContext.ResolveUsingResolvingEvent(IntPtr gchManagedAssemblyLoadContext, AssemblyName assemblyName)
TpTrace Warning: 0 : 15460, 1, 2024/04/03, 21:49:53.429, 80838012906, vstest.console.dll, LoaderExceptions: System.IO.FileNotFoundException: Could not load file or assembly 'Microsoft.Bcl.AsyncInterfaces, Version=6.0.0.0, Culture=neutral, PublicKeyToken=cc7b13ffcd2ddd51'. The system cannot find the file specified.
File name: 'Microsoft.Bcl.AsyncInterfaces, Version=6.0.0.0, Culture=neutral, PublicKeyToken=cc7b13ffcd2ddd51'
 ---> System.IO.FileNotFoundException: Could not load file or assembly 'Microsoft.Bcl.AsyncInterfaces, Culture=neutral, PublicKeyToken=null'. The system cannot find the file specified.
File name: 'Microsoft.Bcl.AsyncInterfaces, Culture=neutral, PublicKeyToken=null'
   at System.Reflection.RuntimeAssembly.InternalLoad(AssemblyName assemblyName, StackCrawlMark& stackMark, AssemblyLoadContext assemblyLoadContext, RuntimeAssembly requestingAssembly, Boolean throwOnFileNotFound)
   at System.Reflection.Assembly.Load(AssemblyName assemblyRef)
   at Microsoft.VisualStudio.TestPlatform.Common.ExtensionFramework.TestPluginCache.CurrentDomainAssemblyResolve(Object sender, AssemblyResolveEventArgs args) in /_/src/Microsoft.TestPlatform.Common/ExtensionFramework/TestPluginCache.cs:line 513
   at System.Runtime.Loader.AssemblyLoadContext.GetFirstResolvedAssemblyFromResolvingEvent(AssemblyName assemblyName)
   at System.Runtime.Loader.AssemblyLoadContext.ResolveUsingEvent(AssemblyName assemblyName)
   at System.Runtime.Loader.AssemblyLoadContext.ResolveUsingResolvingEvent(IntPtr gchManagedAssemblyLoadContext, AssemblyName assemblyName)
TpTrace Verbose: 0 : 15460, 1, 2024/04/03, 21:49:53.429, 80838017640, vstest.console.dll, MetadataReaderExtensionsHelper: Discovering extensions inside assembly 'Microsoft.TestPlatform.Extensions.BlameDataCollector, Version=15.0.0.0, Culture=neutral, PublicKeyToken=b03f5f7f11d50a3a' file path 'C:\Program Files\dotnet\sdk\8.0.200\Extensions\Microsoft.TestPlatform.Extensions.BlameDataCollector.dll'
TpTrace Information: 0 : 15460, 1, 2024/04/03, 21:49:53.430, 80838030829, vstest.console.dll, GetTestExtensionFromType: Register extension with identifier data 'logger://Microsoft/TestPlatform/Extensions/Blame/v1' and type 'Microsoft.TestPlatform.Extensions.BlameDataCollector.BlameLogger, Microsoft.TestPlatform.Extensions.BlameDataCollector, Version=15.0.0.0, Culture=neutral, PublicKeyToken=b03f5f7f11d50a3a' inside file 'C:\Program Files\dotnet\sdk\8.0.200\Extensions\Microsoft.TestPlatform.Extensions.BlameDataCollector.dll'
TpTrace Verbose: 0 : 15460, 1, 2024/04/03, 21:49:53.431, 80838032000, vstest.console.dll, MetadataReaderExtensionsHelper: Discovering extensions inside assembly 'Microsoft.TestPlatform.Extensions.EventLogCollector, Version=15.0.0.0, Culture=neutral, PublicKeyToken=b03f5f7f11d50a3a' file path 'C:\Program Files\dotnet\sdk\8.0.200\Extensions\Microsoft.TestPlatform.Extensions.EventLogCollector.dll'
TpTrace Verbose: 0 : 15460, 1, 2024/04/03, 21:49:53.431, 80838039223, vstest.console.dll, MetadataReaderExtensionsHelper: Discovering extensions inside assembly 'Microsoft.TestPlatform.TestHostRuntimeProvider, Version=15.0.0.0, Culture=neutral, PublicKeyToken=b03f5f7f11d50a3a' file path 'C:\Program Files\dotnet\sdk\8.0.200\Extensions\Microsoft.TestPlatform.TestHostRuntimeProvider.dll'
TpTrace Verbose: 0 : 15460, 1, 2024/04/03, 21:49:53.432, 80838046245, vstest.console.dll, MetadataReaderExtensionsHelper: Discovering extensions inside assembly 'Microsoft.VisualStudio.TestPlatform.Extensions.Html.TestLogger, Version=15.0.0.0, Culture=neutral, PublicKeyToken=b03f5f7f11d50a3a' file path 'C:\Program Files\dotnet\sdk\8.0.200\Extensions\Microsoft.VisualStudio.TestPlatform.Extensions.Html.TestLogger.dll'
TpTrace Information: 0 : 15460, 1, 2024/04/03, 21:49:53.433, 80838056292, vstest.console.dll, GetTestExtensionFromType: Register extension with identifier data 'logger://Microsoft/TestPlatform/HtmlLogger/v1' and type 'Microsoft.VisualStudio.TestPlatform.Extensions.HtmlLogger.HtmlLogger, Microsoft.VisualStudio.TestPlatform.Extensions.Html.TestLogger, Version=15.0.0.0, Culture=neutral, PublicKeyToken=b03f5f7f11d50a3a' inside file 'C:\Program Files\dotnet\sdk\8.0.200\Extensions\Microsoft.VisualStudio.TestPlatform.Extensions.Html.TestLogger.dll'
TpTrace Verbose: 0 : 15460, 1, 2024/04/03, 21:49:53.433, 80838057331, vstest.console.dll, MetadataReaderExtensionsHelper: Discovering extensions inside assembly 'Microsoft.VisualStudio.TestPlatform.Extensions.Trx.TestLogger, Version=15.0.0.0, Culture=neutral, PublicKeyToken=b03f5f7f11d50a3a' file path 'C:\Program Files\dotnet\sdk\8.0.200\Extensions\Microsoft.VisualStudio.TestPlatform.Extensions.Trx.TestLogger.dll'
TpTrace Information: 0 : 15460, 1, 2024/04/03, 21:49:53.434, 80838065743, vstest.console.dll, GetTestExtensionFromType: Register extension with identifier data 'logger://Microsoft/TestPlatform/TrxLogger/v1' and type 'Microsoft.VisualStudio.TestPlatform.Extensions.TrxLogger.TrxLogger, Microsoft.VisualStudio.TestPlatform.Extensions.Trx.TestLogger, Version=15.0.0.0, Culture=neutral, PublicKeyToken=b03f5f7f11d50a3a' inside file 'C:\Program Files\dotnet\sdk\8.0.200\Extensions\Microsoft.VisualStudio.TestPlatform.Extensions.Trx.TestLogger.dll'
TpTrace Verbose: 0 : 15460, 1, 2024/04/03, 21:49:53.434, 80838066733, vstest.console.dll, TestPluginCache: Discovered the extensions using extension path ''.
TpTrace Verbose: 0 : 15460, 1, 2024/04/03, 21:49:53.434, 80838067120, vstest.console.dll, TestPluginCache: Discoverers are ''.
TpTrace Verbose: 0 : 15460, 1, 2024/04/03, 21:49:53.434, 80838067394, vstest.console.dll, TestPluginCache: Executors are ''.
TpTrace Verbose: 0 : 15460, 1, 2024/04/03, 21:49:53.434, 80838067651, vstest.console.dll, TestPluginCache: Executors2 are ''.
TpTrace Verbose: 0 : 15460, 1, 2024/04/03, 21:49:53.434, 80838067903, vstest.console.dll, TestPluginCache: Setting providers are ''.
TpTrace Verbose: 0 : 15460, 1, 2024/04/03, 21:49:53.434, 80838068679, vstest.console.dll, TestPluginCache: Loggers are 'logger://Microsoft/TestPlatform/Extensions/Blame/v1,logger://Microsoft/TestPlatform/HtmlLogger/v1,logger://Microsoft/TestPlatform/TrxLogger/v1'.
TpTrace Verbose: 0 : 15460, 1, 2024/04/03, 21:49:53.434, 80838069743, vstest.console.dll, TestPluginCache: TestHosts are 'HostProvider://DefaultTestHost,HostProvider://DotnetTestHost'.
TpTrace Verbose: 0 : 15460, 1, 2024/04/03, 21:49:53.434, 80838070141, vstest.console.dll, TestPluginCache: DataCollectors are ''.
TpTrace Information: 0 : 15460, 1, 2024/04/03, 21:49:53.436, 80838082744, vstest.console.dll, TestPluginManager.CreateTestExtension: Attempting to load test extension: Microsoft.TestPlatform.Extensions.BlameDataCollector.BlameLogger
TpTrace Verbose: 0 : 15460, 1, 2024/04/03, 21:49:53.587, 80839594321, vstest.console.dll, TestEngine: Initializing Parallel Execution as MaxCpuCount is set to: 1
TpTrace Information: 0 : 15460, 1, 2024/04/03, 21:49:53.589, 80839617586, vstest.console.dll, TestPluginManager.CreateTestExtension: Attempting to load test extension: Microsoft.VisualStudio.TestPlatform.CrossPlatEngine.Hosting.DefaultTestHostManager
TpTrace Information: 0 : 15460, 1, 2024/04/03, 21:49:53.591, 80839634303, vstest.console.dll, TestPluginManager.CreateTestExtension: Attempting to load test extension: Microsoft.VisualStudio.TestPlatform.CrossPlatEngine.Hosting.DotnetTestHostManager
TpTrace Information: 0 : 15460, 1, 2024/04/03, 21:49:53.592, 80839641385, vstest.console.dll, InferRunSettingsHelper.IsTestSettingsEnabled: Unable to navigate to RunSettings/MSTest. Current node: RunSettings
TpTrace Verbose: 0 : 15460, 1, 2024/04/03, 21:49:53.593, 80839653344, vstest.console.dll, ParallelOperationManager.ClearSlots: Clearing all slots. Slots should accept more work: True
TpTrace Verbose: 0 : 15460, 1, 2024/04/03, 21:49:53.594, 80839667675, vstest.console.dll, ParallelOperationManager.SetOccupiedSlotCount: Setting slot counts AvailableSlotCount = 3, OccupiedSlotCount = 0.
TpTrace Verbose: 0 : 15460, 1, 2024/04/03, 21:49:53.595, 80839675116, vstest.console.dll, Occupied slots:

TpTrace Verbose: 0 : 15460, 1, 2024/04/03, 21:49:53.599, 80839718438, vstest.console.dll, TestEngine.GetExecutionManager: Chosen execution manager 'Microsoft.VisualStudio.TestPlatform.CrossPlatEngine.Client.Parallel.ParallelProxyExecutionManager, Microsoft.TestPlatform.CrossPlatEngine, Version=15.0.0.0, Culture=neutral, PublicKeyToken=b03f5f7f11d50a3a' ParallelLevel '1'.
TpTrace Verbose: 0 : 15460, 1, 2024/04/03, 21:49:53.599, 80839720383, vstest.console.dll, TestRunRequest.ExecuteAsync: Creating test run request.
TpTrace Verbose: 0 : 15460, 1, 2024/04/03, 21:49:53.600, 80839722806, vstest.console.dll, TestRunRequest.ExecuteAsync: Starting.
TpTrace Information: 0 : 15460, 1, 2024/04/03, 21:49:53.601, 80839734850, vstest.console.dll, TestRunRequest.ExecuteAsync: Starting run with settings:TestRunCriteria:
   KeepAlive=False,FrequencyOfRunStatsChangeEvent=10,RunStatsChangeEventTimeout=00:00:01.5000000,TestCaseFilter=,TestExecutorLauncher=
   Settingsxml=<RunSettings>
  <RunConfiguration>
    <ResultsDirectory>D:\SoftUniProjects\CI 2 Jenkins\02-House-Renting-System-App\HouseRentingSystem.Tests\bin\Debug\net6.0\fine-code-coverage\coverage-tool-output</ResultsDirectory>
    <TargetPlatform>X64</TargetPlatform>
    <TargetFrameworkVersion>.NETCoreApp,Version=v6.0</TargetFrameworkVersion>
    <DesignMode>False</DesignMode>
    <CollectSourceInformation>False</CollectSourceInformation>
  </RunConfiguration>
  <LoggerRunSettings>
    <Loggers>
      <Logger friendlyName="blame" enabled="True" />
      <Logger friendlyName="Console" uri="logger://microsoft/TestPlatform/ConsoleLogger/v1" assemblyQualifiedName="Microsoft.VisualStudio.TestPlatform.CommandLine.Internal.ConsoleLogger, vstest.console, Version=15.0.0.0, Culture=neutral, PublicKeyToken=b03f5f7f11d50a3a" codeBase="C:\Program Files\dotnet\sdk\8.0.200\vstest.console.dll" enabled="True" />
    </Loggers>
  </LoggerRunSettings>
  <DataCollectionRunSettings>
    <DataCollectors>
      <DataCollector friendlyName="blame" enabled="True">
        <Configuration>
          <ResultsDirectory>D:\SoftUniProjects\CI 2 Jenkins\02-House-Renting-System-App\HouseRentingSystem.Tests\bin\Debug\net6.0\fine-code-coverage\coverage-tool-output</ResultsDirectory>
        </Configuration>
      </DataCollector>
    </DataCollectors>
  </DataCollectionRunSettings>
</RunSettings>

TpTrace Verbose: 0 : 15460, 1, 2024/04/03, 21:49:53.601, 80839736081, vstest.console.dll, TestRunRequest.ExecuteAsync: Wait for the first run request is over.
TpTrace Verbose: 0 : 15460, 1, 2024/04/03, 21:49:53.601, 80839739760, vstest.console.dll, MulticastDelegateUtilities.SafeInvoke: TestRun.TestRunStart: Invoking callbacks was skipped because there are no subscribers.
TpTrace Verbose: 0 : 15460, 4, 2024/04/03, 21:49:53.602, 80839741992, vstest.console.dll, MulticastDelegateUtilities.SafeInvoke: InternalTestLoggerEvents.SendTestRunStart: Invoking callback 1/1 for Microsoft.VisualStudio.TestPlatform.CommandLine.Internal.ConsoleLogger., took 0 ms.
TpTrace Verbose: 0 : 15460, 1, 2024/04/03, 21:49:53.603, 80839752045, vstest.console.dll, ParallelProxyExecutionManager: Start execution. Total sources: 1
TpTrace Verbose: 0 : 15460, 1, 2024/04/03, 21:49:53.603, 80839755730, vstest.console.dll, ParallelOperationManager.StartWork: Starting adding 1 workloads.
TpTrace Verbose: 0 : 15460, 1, 2024/04/03, 21:49:53.603, 80839756446, vstest.console.dll, ParallelOperationManager.ClearSlots: Clearing all slots. Slots should accept more work: True
TpTrace Verbose: 0 : 15460, 1, 2024/04/03, 21:49:53.603, 80839757180, vstest.console.dll, ParallelOperationManager.SetOccupiedSlotCount: Setting slot counts AvailableSlotCount = 3, OccupiedSlotCount = 0.
TpTrace Verbose: 0 : 15460, 1, 2024/04/03, 21:49:53.603, 80839757630, vstest.console.dll, Occupied slots:

TpTrace Verbose: 0 : 15460, 1, 2024/04/03, 21:49:53.605, 80839771820, vstest.console.dll, TestRequestSender is acting as server.
TpTrace Verbose: 0 : 15460, 1, 2024/04/03, 21:49:53.607, 80839796874, vstest.console.dll, ParallelOperationManager.RunWorkInParallel: Adding 1 workload to slot, remaining workloads 0.
TpTrace Verbose: 0 : 15460, 1, 2024/04/03, 21:49:53.607, 80839798041, vstest.console.dll, ParallelOperationManager.SetOccupiedSlotCount: Setting slot counts AvailableSlotCount = 2, OccupiedSlotCount = 1.
TpTrace Verbose: 0 : 15460, 1, 2024/04/03, 21:49:53.607, 80839799525, vstest.console.dll, Occupied slots:
0: D:\SoftUniProjects\CI 2 Jenkins\02-House-Renting-System-App\HouseRentingSystem.Tests\bin\Debug\net6.0\fine-code-coverage\build-output\HouseRentingSystem.Tests.dll
TpTrace Verbose: 0 : 15460, 1, 2024/04/03, 21:49:53.609, 80839812765, vstest.console.dll, ParallelOperationManager.RunWorkInParallel: Started host in slot number 0 for work (source): D:\SoftUniProjects\CI 2 Jenkins\02-House-Renting-System-App\HouseRentingSystem.Tests\bin\Debug\net6.0\fine-code-coverage\build-output\HouseRentingSystem.Tests.dll.
TpTrace Verbose: 0 : 15460, 1, 2024/04/03, 21:49:53.610, 80839823852, vstest.console.dll, ParallelOperationManager.RunWorkInParallel: We started 1 work items, which is the max parallel level. Won't start more work.
TpTrace Verbose: 0 : 15460, 1, 2024/04/03, 21:49:53.610, 80839825217, vstest.console.dll, ParallelOperationManager.RunWorkInParallel: We started 1 work items in here, returning True.
TpTrace Verbose: 0 : 15460, 5, 2024/04/03, 21:49:53.610, 80839825454, vstest.console.dll, ParallelProxyExecutionManager.StartTestRunOnConcurrentManager: Initializing uninitialized client. Started clients: 0
TpTrace Information: 0 : 15460, 1, 2024/04/03, 21:49:53.610, 80839826055, vstest.console.dll, TestRunRequest.ExecuteAsync: Started.
TpTrace Verbose: 0 : 15460, 5, 2024/04/03, 21:49:53.611, 80839836172, vstest.console.dll, DataCollectionRequestSender.InitializeCommunication : Initialize communication. 
TpTrace Verbose: 0 : 15460, 1, 2024/04/03, 21:49:53.613, 80839852956, vstest.console.dll, TestRunRequest.WaitForCompletion: Waiting with timeout -1.
TpTrace Information: 0 : 15460, 5, 2024/04/03, 21:49:53.627, 80839992761, vstest.console.dll, Listening on Endpoint : 127.0.0.1:65412
TpTrace Verbose: 0 : 15460, 5, 2024/04/03, 21:49:53.661, 80840339850, vstest.console.dll, DotnetDataCollectionLauncher: Adding  --runtimeconfig "C:\Program Files\dotnet\sdk\8.0.200\datacollector.runtimeconfig.json" in args
TpTrace Verbose: 0 : 15460, 5, 2024/04/03, 21:49:53.697, 80840694492, vstest.console.dll, DotnetDataCollectionLauncher: Adding  --depsfile "C:\Program Files\dotnet\sdk\8.0.200\datacollector.deps.json" in args
TpTrace Verbose: 0 : 15460, 5, 2024/04/03, 21:49:53.697, 80840697761, vstest.console.dll, DotnetDataCollectionLauncher: Full path of dotnet.exe is C:\Program Files\dotnet\dotnet.exe
TpTrace Information: 0 : 15460, 5, 2024/04/03, 21:49:53.704, 80840770274, vstest.console.dll, ProxyDataCollectionManager.Initialize: Launched datacollector processId: 5732 port: 65412
TpTrace Information: 0 : 15460, 5, 2024/04/03, 21:49:53.705, 80840772328, vstest.console.dll, ProxyDataCollectionManager.Initialize: waiting for connection with timeout: 90 seconds
TpTrace Verbose: 0 : 15460, 5, 2024/04/03, 21:49:53.705, 80840773113, vstest.console.dll, DataCollectionRequestSender.WaitForRequestHandlerConnection : Waiting for connection with timeout: 90000
TpTrace Information: 0 : 15460, 7, 2024/04/03, 21:49:54.297, 80846693919, vstest.console.dll, Using the buffer size of 16384 bytes
TpTrace Verbose: 0 : 15460, 5, 2024/04/03, 21:49:54.297, 80846694320, vstest.console.dll, SocketCommunicationManager.WaitForClientConnection took: 592 ms, with 90000 ms timeout, and finished with True.
TpTrace Verbose: 0 : 15460, 5, 2024/04/03, 21:49:54.298, 80846701756, vstest.console.dll, ProxyDataCollectionManager.InvokeDataCollectionServiceAction: Starting.
TpTrace Information: 0 : 15460, 5, 2024/04/03, 21:49:54.298, 80846703200, vstest.console.dll, ProxyDataCollectionManager.BeforeTestRunStart: Get environment variable and port for datacollector processId: 5732 port: 65412
TpTrace Verbose: 0 : 15460, 5, 2024/04/03, 21:49:54.298, 80846704856, vstest.console.dll, DataCollectionRequestSender.SendBeforeTestRunStartAndGetResult: Send BeforeTestRunStart message with settingsXml <RunSettings><RunConfiguration><ResultsDirectory>D:\SoftUniProjects\CI 2 Jenkins\02-House-Renting-System-App\HouseRentingSystem.Tests\bin\Debug\net6.0\fine-code-coverage\coverage-tool-output</ResultsDirectory><TargetPlatform>X64</TargetPlatform><TargetFrameworkVersion>.NETCoreApp,Version=v6.0</TargetFrameworkVersion><DesignMode>False</DesignMode><CollectSourceInformation>False</CollectSourceInformation><TestAdaptersPaths>C:\Program Files\dotnet\sdk\8.0.200\Extensions</TestAdaptersPaths></RunConfiguration><LoggerRunSettings><Loggers><Logger friendlyName="blame" enabled="True" /><Logger friendlyName="Console" uri="logger://microsoft/TestPlatform/ConsoleLogger/v1" assemblyQualifiedName="Microsoft.VisualStudio.TestPlatform.CommandLine.Internal.ConsoleLogger, vstest.console, Version=15.0.0.0, Culture=neutral, PublicKeyToken=b03f5f7f11d50a3a" codeBase="C:\Program Files\dotnet\sdk\8.0.200\vstest.console.dll" enabled="True" /></Loggers></LoggerRunSettings><DataCollectionRunSettings><DataCollectors><DataCollector friendlyName="blame" enabled="True"><Configuration><ResultsDirectory>D:\SoftUniProjects\CI 2 Jenkins\02-House-Renting-System-App\HouseRentingSystem.Tests\bin\Debug\net6.0\fine-code-coverage\coverage-tool-output</ResultsDirectory></Configuration></DataCollector></DataCollectors></DataCollectionRunSettings></RunSettings> and sources System.Collections.Generic.List`1[System.String]: 
TpTrace Information: 0 : 15460, 7, 2024/04/03, 21:49:54.297, 80846699372, vstest.console.dll, Accepted Client request and set the flag
TpTrace Verbose: 0 : 15460, 5, 2024/04/03, 21:49:54.743, 80851156489, vstest.console.dll, DataCollectionRequestSender.SendBeforeTestRunStartAndGetResult: Received message: (DataCollection.SendMessage) -> {"MessageType":"DataCollection.SendMessage","Payload":{"FriendlyName":null,"Uri":null,"TestCaseId":"00000000-0000-0000-0000-000000000000","Message":"Logging DataCollector Diagnostics in file: D:\\SoftUniProjects\\CI 2 Jenkins\\02-House-Renting-System-App\\HouseRentingSystem.Tests\\bin\\Debug\\net6.0\\fine-code-coverage\\coverage-tool-output\\diagnostics.datacollector.24-04-03_21-49-53_63857_5.log","Level":0}}
TpTrace Verbose: 0 : 15460, 5, 2024/04/03, 21:49:56.000, 80863730720, vstest.console.dll, DataCollectionRequestSender.SendBeforeTestRunStartAndGetResult: Received message: (DataCollection.BeforeTestRunStartResult) -> {"MessageType":"DataCollection.BeforeTestRunStartResult","Payload":{"EnvironmentVariables":{},"DataCollectionEventsPort":65419}}
TpTrace Information: 0 : 15460, 5, 2024/04/03, 21:49:56.007, 80863791579, vstest.console.dll, ProxyDataCollectionManager.BeforeTestRunStart: SendBeforeTestRunStartAndGetResult successful, env variable from datacollector:   and testhost port: 65419
TpTrace Information: 0 : 15460, 5, 2024/04/03, 21:49:56.007, 80863792598, vstest.console.dll, ProxyDataCollectionManager.InvokeDataCollectionServiceAction: Completed.
TpTrace Verbose: 0 : 15460, 5, 2024/04/03, 21:49:56.007, 80863793209, vstest.console.dll, ParallelProxyExecutionManager.StartTestRunOnConcurrentManager: Initializing test run. Started clients: 0
TpTrace Verbose: 0 : 15460, 5, 2024/04/03, 21:49:56.007, 80863794271, vstest.console.dll, ProxyExecutionManager: Test host is always Lazy initialize.
TpTrace Verbose: 0 : 15460, 5, 2024/04/03, 21:49:56.007, 80863797891, vstest.console.dll, TestRequestSender.InitializeCommunication: initialize communication. 
TpTrace Information: 0 : 15460, 5, 2024/04/03, 21:49:56.008, 80863803527, vstest.console.dll, SocketServer.Start: Listening on endpoint : 127.0.0.1:65420
TpTrace Verbose: 0 : 15460, 5, 2024/04/03, 21:49:56.009, 80863813932, vstest.console.dll, DotnetTestHostmanager.GetTestHostProcessStartInfo: Platform environment 'X64' target architecture 'X64' framework '.NETCoreApp,Version=v6.0' OS 'Windows'
TpTrace Verbose: 0 : 15460, 5, 2024/04/03, 21:49:56.009, 80863816970, vstest.console.dll, DotnetTestHostmanager: Adding  --runtimeconfig "D:\SoftUniProjects\CI 2 Jenkins\02-House-Renting-System-App\HouseRentingSystem.Tests\bin\Debug\net6.0\fine-code-coverage\build-output\HouseRentingSystem.Tests.runtimeconfig.json" in args
TpTrace Verbose: 0 : 15460, 5, 2024/04/03, 21:49:56.009, 80863818041, vstest.console.dll, DotnetTestHostmanager: Adding  --depsfile "D:\SoftUniProjects\CI 2 Jenkins\02-House-Renting-System-App\HouseRentingSystem.Tests\bin\Debug\net6.0\fine-code-coverage\build-output\HouseRentingSystem.Tests.deps.json" in args
TpTrace Verbose: 0 : 15460, 5, 2024/04/03, 21:49:56.010, 80863821090, vstest.console.dll, DotnetTestHostmanager.IsWinOnArm: Current PROCESSOR_ARCHITECTURE from environment variable 'AMD64'
TpTrace Verbose: 0 : 15460, 5, 2024/04/03, 21:49:56.010, 80863822189, vstest.console.dll, DotnetTestHostmanager.IsWinOnArm: Is Windows on ARM 'False'
TpTrace Verbose: 0 : 15460, 5, 2024/04/03, 21:49:56.010, 80863823040, vstest.console.dll, DotnetTestHostManager: testhost.exe found at path: D:\SoftUniProjects\CI 2 Jenkins\02-House-Renting-System-App\HouseRentingSystem.Tests\bin\Debug\net6.0\fine-code-coverage\build-output\testhost.exe
TpTrace Verbose: 0 : 15460, 5, 2024/04/03, 21:49:56.010, 80863823599, vstest.console.dll, DotnetTestHostmanager: Full path of host exe is D:\SoftUniProjects\CI 2 Jenkins\02-House-Renting-System-App\HouseRentingSystem.Tests\bin\Debug\net6.0\fine-code-coverage\build-output\testhost.exe
TpTrace Verbose: 0 : 15460, 5, 2024/04/03, 21:49:56.010, 80863826285, vstest.console.dll, DotnetTestHostmanager.LaunchTestHostAsync: Found 'VSTEST_WINAPPHOST_DOTNET_ROOT' in env variables, value 'C:\Program Files\dotnet', forwarding to 'DOTNET_ROOT'
TpTrace Verbose: 0 : 15460, 5, 2024/04/03, 21:49:56.011, 80863830881, vstest.console.dll, DotnetTestHostManager: Starting process 'D:\SoftUniProjects\CI 2 Jenkins\02-House-Renting-System-App\HouseRentingSystem.Tests\bin\Debug\net6.0\fine-code-coverage\build-output\testhost.exe' with command line ' --runtimeconfig "D:\SoftUniProjects\CI 2 Jenkins\02-House-Renting-System-App\HouseRentingSystem.Tests\bin\Debug\net6.0\fine-code-coverage\build-output\HouseRentingSystem.Tests.runtimeconfig.json" --depsfile "D:\SoftUniProjects\CI 2 Jenkins\02-House-Renting-System-App\HouseRentingSystem.Tests\bin\Debug\net6.0\fine-code-coverage\build-output\HouseRentingSystem.Tests.deps.json" --port 65420 --endpoint 127.0.0.1:065420 --role client --parentprocessid 15460 --diag "D:\SoftUniProjects\CI 2 Jenkins\02-House-Renting-System-App\HouseRentingSystem.Tests\bin\Debug\net6.0\fine-code-coverage\coverage-tool-output\diagnostics.host.24-04-03_21-49-56_00871_5.log" --tracelevel 4 --datacollectionport 65419 --telemetryoptedin false'
TpTrace Verbose: 0 : 15460, 5, 2024/04/03, 21:49:56.155, 80865273344, vstest.console.dll, MulticastDelegateUtilities.SafeInvoke: HostProviderEvents.OnHostLaunched: Invoking callback 1/2 for Microsoft.VisualStudio.TestPlatform.CrossPlatEngine.Client.ProxyExecutionManagerWithDataCollection., took 1 ms.
TpTrace Verbose: 0 : 15460, 5, 2024/04/03, 21:49:56.155, 80865278455, vstest.console.dll, Test Runtime launched
TpTrace Verbose: 0 : 15460, 5, 2024/04/03, 21:49:56.155, 80865279588, vstest.console.dll, MulticastDelegateUtilities.SafeInvoke: HostProviderEvents.OnHostLaunched: Invoking callback 2/2 for Microsoft.VisualStudio.TestPlatform.CrossPlatEngine.Client.ProxyOperationManager., took 0 ms.
TpTrace Verbose: 0 : 15460, 5, 2024/04/03, 21:49:56.157, 80865290923, vstest.console.dll, TestRequestSender.WaitForRequestHandlerConnection: waiting for connection with timeout: 90000.
TpTrace Verbose: 0 : 15460, 5, 2024/04/03, 21:49:56.841, 80872133414, vstest.console.dll, TestRequestSender.WaitForRequestHandlerConnection: waiting took 684 ms, with timeout 90000 ms, and result 0, which is success.
TpTrace Verbose: 0 : 15460, 5, 2024/04/03, 21:49:56.843, 80872156081, vstest.console.dll, TestRequestSender.CheckVersionWithTestHost: Sending check version message: {"MessageType":"ProtocolVersion","Payload":7}
TpTrace Verbose: 0 : 15460, 11, 2024/04/03, 21:49:56.846, 80872186745, vstest.console.dll, MulticastDelegateUtilities.SafeInvoke: SocketServer: ClientConnected: Invoking callback 1/1 for Microsoft.VisualStudio.TestPlatform.CommunicationUtilities.TestRequestSender., took 5 ms.
TpTrace Verbose: 0 : 15460, 11, 2024/04/03, 21:49:56.846, 80872189047, vstest.console.dll, SocketServer.OnClientConnected: Client connected for endPoint: 127.0.0.1:65420, starting MessageLoopAsync:
TpTrace Verbose: 0 : 15460, 11, 2024/04/03, 21:49:56.847, 80872198800, vstest.console.dll, TcpClientExtensions.MessageLoopAsync: Polling on remoteEndPoint: 127.0.0.1:65424 localEndPoint: 127.0.0.1:65420 after 0 ms
TpTrace Verbose: 0 : 15460, 11, 2024/04/03, 21:49:57.133, 80875053041, vstest.console.dll, TcpClientExtensions.MessageLoopAsync: NotifyDataAvailable remoteEndPoint: 127.0.0.1:65424 localEndPoint: 127.0.0.1:65420
TpTrace Verbose: 0 : 15460, 11, 2024/04/03, 21:49:57.133, 80875056261, vstest.console.dll, TestRequestSender.CheckVersionWithTestHost: onMessageReceived received message: (ProtocolVersion) -> {"MessageType":"ProtocolVersion","Payload":5}
TpTrace Verbose: 0 : 15460, 11, 2024/04/03, 21:49:57.135, 80875075749, vstest.console.dll, MulticastDelegateUtilities.SafeInvoke: LengthPrefixCommunicationChannel: MessageReceived: Invoking callback 1/1 for Microsoft.VisualStudio.TestPlatform.CommunicationUtilities.TestRequestSender+<>c__DisplayClass29_0., took 1 ms.
TpTrace Verbose: 0 : 15460, 5, 2024/04/03, 21:49:57.135, 80875077460, vstest.console.dll, TestPluginCache.GetExtensionPaths: Filtered extension paths: 
TpTrace Verbose: 0 : 15460, 11, 2024/04/03, 21:49:57.135, 80875077508, vstest.console.dll, TcpClientExtensions.MessageLoopAsync: Polling on remoteEndPoint: 127.0.0.1:65424 localEndPoint: 127.0.0.1:65420 after 287 ms
TpTrace Verbose: 0 : 15460, 5, 2024/04/03, 21:49:57.135, 80875078282, vstest.console.dll, TestPluginCache.GetExtensionPaths: Added default extension paths: C:\Program Files\dotnet\sdk\8.0.200\Extensions\Microsoft.Diagnostics.NETCore.Client.dll
C:\Program Files\dotnet\sdk\8.0.200\Extensions\Microsoft.TestPlatform.Extensions.BlameDataCollector.dll
C:\Program Files\dotnet\sdk\8.0.200\Extensions\Microsoft.TestPlatform.Extensions.EventLogCollector.dll
C:\Program Files\dotnet\sdk\8.0.200\Extensions\Microsoft.TestPlatform.TestHostRuntimeProvider.dll
C:\Program Files\dotnet\sdk\8.0.200\Extensions\Microsoft.VisualStudio.TestPlatform.Extensions.Html.TestLogger.dll
C:\Program Files\dotnet\sdk\8.0.200\Extensions\Microsoft.VisualStudio.TestPlatform.Extensions.Trx.TestLogger.dll
TpTrace Verbose: 0 : 15460, 5, 2024/04/03, 21:49:57.135, 80875079585, vstest.console.dll, TestPluginCache.GetExtensionPaths: Added unfilterableExtensionPaths: 
TpTrace Verbose: 0 : 15460, 5, 2024/04/03, 21:49:57.140, 80875125364, vstest.console.dll, TestRequestSender.InitializeExecution: Sending initialize execution with message: {"Version":5,"MessageType":"TestExecution.Initialize","Payload":["D:\\SoftUniProjects\\CI 2 Jenkins\\02-House-Renting-System-App\\HouseRentingSystem.Tests\\bin\\Debug\\net6.0\\fine-code-coverage\\build-output\\NUnit3.TestAdapter.dll"]}
TpTrace Verbose: 0 : 15460, 5, 2024/04/03, 21:49:57.140, 80875127648, vstest.console.dll, ParallelProxyExecutionManager.StartTestRunOnConcurrentManager: Execution starting. Started clients: 1
TpTrace Verbose: 0 : 15460, 5, 2024/04/03, 21:49:57.141, 80875130991, vstest.console.dll, TestRunRequest:SendTestRunMessage: Starting.
TpTrace Verbose: 0 : 15460, 5, 2024/04/03, 21:49:57.141, 80875133516, vstest.console.dll, MulticastDelegateUtilities.SafeInvoke: TestRun.LogMessages: Invoking callback 1/1 for Microsoft.VisualStudio.TestPlatform.CommandLine.TestRunResultAggregator., took 0 ms.
TpTrace Information: 0 : 15460, 5, 2024/04/03, 21:49:57.141, 80875134160, vstest.console.dll, TestRunRequest:SendTestRunMessage: Completed.
TpTrace Verbose: 0 : 15460, 4, 2024/04/03, 21:49:57.141, 80875136478, vstest.console.dll, MulticastDelegateUtilities.SafeInvoke: InternalTestLoggerEvents.SendTestRunMessage: Invoking callback 1/1 for Microsoft.VisualStudio.TestPlatform.CommandLine.Internal.ConsoleLogger., took 0 ms.
TpTrace Warning: 0 : 15460, 5, 2024/04/03, 21:49:57.141, 80875140280, vstest.console.dll, InferRunSettingsHelper.MakeRunsettingsCompatible: Removing the following settings: TargetPlatform from RunSettings file. To use those settings please move to latest version of Microsoft.NET.Test.Sdk
TpTrace Verbose: 0 : 15460, 11, 2024/04/03, 21:49:57.155, 80875278689, vstest.console.dll, TcpClientExtensions.MessageLoopAsync: NotifyDataAvailable remoteEndPoint: 127.0.0.1:65424 localEndPoint: 127.0.0.1:65420
TpTrace Verbose: 0 : 15460, 11, 2024/04/03, 21:49:57.156, 80875285221, vstest.console.dll, TestRequestSender.OnExecutionMessageReceived: Received message: {"Version":5,"MessageType":"TestSession.Message","Payload":{"MessageLevel":0,"Message":"Logging TestHost Diagnostics in file: D:\\SoftUniProjects\\CI 2 Jenkins\\02-House-Renting-System-App\\HouseRentingSystem.Tests\\bin\\Debug\\net6.0\\fine-code-coverage\\coverage-tool-output\\diagnostics.host.24-04-03_21-49-56_00871_5.log"}}
TpTrace Verbose: 0 : 15460, 5, 2024/04/03, 21:49:57.161, 80875330511, vstest.console.dll, TestRequestSender.StartTestRun: Sending test run with message: {"Version":5,"MessageType":"TestExecution.StartWithSources","Payload":{"AdapterSourceMap":{"_none_":["D:\\SoftUniProjects\\CI 2 Jenkins\\02-House-Renting-System-App\\HouseRentingSystem.Tests\\bin\\Debug\\net6.0\\fine-code-coverage\\build-output\\HouseRentingSystem.Tests.dll"]},"RunSettings":"<RunSettings>\r\n  <RunConfiguration>\r\n    <ResultsDirectory>D:\\SoftUniProjects\\CI 2 Jenkins\\02-House-Renting-System-App\\HouseRentingSystem.Tests\\bin\\Debug\\net6.0\\fine-code-coverage\\coverage-tool-output</ResultsDirectory>\r\n    <TargetFrameworkVersion>.NETCoreApp,Version=v6.0</TargetFrameworkVersion>\r\n    <DesignMode>False</DesignMode>\r\n    <CollectSourceInformation>False</CollectSourceInformation>\r\n  </RunConfiguration>\r\n  <LoggerRunSettings>\r\n    <Loggers>\r\n      <Logger friendlyName=\"blame\" enabled=\"True\" />\r\n      <Logger friendlyName=\"Console\" uri=\"logger://microsoft/TestPlatform/ConsoleLogger/v1\" assemblyQualifiedName=\"Microsoft.VisualStudio.TestPlatform.CommandLine.Internal.ConsoleLogger, vstest.console, Version=15.0.0.0, Culture=neutral, PublicKeyToken=b03f5f7f11d50a3a\" codeBase=\"C:\\Program Files\\dotnet\\sdk\\8.0.200\\vstest.console.dll\" enabled=\"True\" />\r\n    </Loggers>\r\n  </LoggerRunSettings>\r\n  <DataCollectionRunSettings>\r\n    <DataCollectors>\r\n      <DataCollector friendlyName=\"blame\" enabled=\"True\">\r\n        <Configuration>\r\n          <ResultsDirectory>D:\\SoftUniProjects\\CI 2 Jenkins\\02-House-Renting-System-App\\HouseRentingSystem.Tests\\bin\\Debug\\net6.0\\fine-code-coverage\\coverage-tool-output</ResultsDirectory>\r\n        </Configuration>\r\n      </DataCollector>\r\n    </DataCollectors>\r\n  </DataCollectionRunSettings>\r\n</RunSettings>","TestExecutionContext":{"FrequencyOfRunStatsChangeEvent":10,"RunStatsChangeEventTimeout":"00:00:01.5000000","InIsolation":false,"KeepAlive":false,"AreTestCaseLevelEventsRequired":false,"IsDebug":false,"TestCaseFilter":null,"FilterOptions":null},"Package":null}}
TpTrace Verbose: 0 : 15460, 11, 2024/04/03, 21:49:57.161, 80875333086, vstest.console.dll, TestRunRequest:SendTestRunMessage: Starting.
TpTrace Verbose: 0 : 15460, 5, 2024/04/03, 21:49:57.161, 80875333760, vstest.console.dll, ParallelProxyExecutionManager.StartTestRunOnConcurrentManager: Execution started. Started clients: 1
TpTrace Verbose: 0 : 15460, 11, 2024/04/03, 21:49:57.161, 80875334442, vstest.console.dll, MulticastDelegateUtilities.SafeInvoke: TestRun.LogMessages: Invoking callback 1/1 for Microsoft.VisualStudio.TestPlatform.CommandLine.TestRunResultAggregator., took 0 ms.
TpTrace Information: 0 : 15460, 11, 2024/04/03, 21:49:57.161, 80875335312, vstest.console.dll, TestRunRequest:SendTestRunMessage: Completed.
TpTrace Verbose: 0 : 15460, 11, 2024/04/03, 21:49:57.161, 80875335945, vstest.console.dll, MulticastDelegateUtilities.SafeInvoke: LengthPrefixCommunicationChannel: MessageReceived: Invoking callback 1/1 for Microsoft.VisualStudio.TestPlatform.CommunicationUtilities.TestRequestSender+<>c__DisplayClass34_0., took 5 ms.
TpTrace Verbose: 0 : 15460, 4, 2024/04/03, 21:49:57.161, 80875335978, vstest.console.dll, MulticastDelegateUtilities.SafeInvoke: InternalTestLoggerEvents.SendTestRunMessage: Invoking callback 1/1 for Microsoft.VisualStudio.TestPlatform.CommandLine.Internal.ConsoleLogger., took 0 ms.
TpTrace Verbose: 0 : 15460, 11, 2024/04/03, 21:49:57.161, 80875336603, vstest.console.dll, TcpClientExtensions.MessageLoopAsync: Polling on remoteEndPoint: 127.0.0.1:65424 localEndPoint: 127.0.0.1:65420 after 25 ms
TpTrace Verbose: 0 : 15460, 11, 2024/04/03, 21:49:57.758, 80881307001, vstest.console.dll, TcpClientExtensions.MessageLoopAsync: NotifyDataAvailable remoteEndPoint: 127.0.0.1:65424 localEndPoint: 127.0.0.1:65420
TpTrace Verbose: 0 : 15460, 11, 2024/04/03, 21:49:57.758, 80881308542, vstest.console.dll, TestRequestSender.OnExecutionMessageReceived: Received message: {"Version":5,"MessageType":"TestSession.Message","Payload":{"MessageLevel":0,"Message":"NUnit Adapter 4.2.0.0: Test execution started"}}
TpTrace Verbose: 0 : 15460, 11, 2024/04/03, 21:49:57.759, 80881312029, vstest.console.dll, TestRunRequest:SendTestRunMessage: Starting.
TpTrace Verbose: 0 : 15460, 11, 2024/04/03, 21:49:57.759, 80881313135, vstest.console.dll, MulticastDelegateUtilities.SafeInvoke: TestRun.LogMessages: Invoking callback 1/1 for Microsoft.VisualStudio.TestPlatform.CommandLine.TestRunResultAggregator., took 0 ms.
TpTrace Information: 0 : 15460, 11, 2024/04/03, 21:49:57.759, 80881313706, vstest.console.dll, TestRunRequest:SendTestRunMessage: Completed.
TpTrace Verbose: 0 : 15460, 11, 2024/04/03, 21:49:57.759, 80881314213, vstest.console.dll, MulticastDelegateUtilities.SafeInvoke: LengthPrefixCommunicationChannel: MessageReceived: Invoking callback 1/1 for Microsoft.VisualStudio.TestPlatform.CommunicationUtilities.TestRequestSender+<>c__DisplayClass34_0., took 0 ms.
TpTrace Verbose: 0 : 15460, 11, 2024/04/03, 21:49:57.759, 80881314771, vstest.console.dll, TcpClientExtensions.MessageLoopAsync: Polling on remoteEndPoint: 127.0.0.1:65424 localEndPoint: 127.0.0.1:65420 after 597 ms
TpTrace Verbose: 0 : 15460, 4, 2024/04/03, 21:49:57.759, 80881314336, vstest.console.dll, MulticastDelegateUtilities.SafeInvoke: InternalTestLoggerEvents.SendTestRunMessage: Invoking callback 1/1 for Microsoft.VisualStudio.TestPlatform.CommandLine.Internal.ConsoleLogger., took 0 ms.
TpTrace Verbose: 0 : 15460, 11, 2024/04/03, 21:49:57.801, 80881738555, vstest.console.dll, TcpClientExtensions.MessageLoopAsync: NotifyDataAvailable remoteEndPoint: 127.0.0.1:65424 localEndPoint: 127.0.0.1:65420
TpTrace Verbose: 0 : 15460, 11, 2024/04/03, 21:49:57.801, 80881740143, vstest.console.dll, TestRequestSender.OnExecutionMessageReceived: Received message: {"Version":5,"MessageType":"TestSession.Message","Payload":{"MessageLevel":0,"Message":"Running all tests in D:\\SoftUniProjects\\CI 2 Jenkins\\02-House-Renting-System-App\\HouseRentingSystem.Tests\\bin\\Debug\\net6.0\\fine-code-coverage\\build-output\\HouseRentingSystem.Tests.dll"}}
TpTrace Verbose: 0 : 15460, 11, 2024/04/03, 21:49:57.802, 80881741600, vstest.console.dll, TestRunRequest:SendTestRunMessage: Starting.
TpTrace Verbose: 0 : 15460, 11, 2024/04/03, 21:49:57.802, 80881742664, vstest.console.dll, MulticastDelegateUtilities.SafeInvoke: TestRun.LogMessages: Invoking callback 1/1 for Microsoft.VisualStudio.TestPlatform.CommandLine.TestRunResultAggregator., took 0 ms.
TpTrace Verbose: 0 : 15460, 4, 2024/04/03, 21:49:57.802, 80881742775, vstest.console.dll, MulticastDelegateUtilities.SafeInvoke: InternalTestLoggerEvents.SendTestRunMessage: Invoking callback 1/1 for Microsoft.VisualStudio.TestPlatform.CommandLine.Internal.ConsoleLogger., took 0 ms.
TpTrace Information: 0 : 15460, 11, 2024/04/03, 21:49:57.802, 80881743349, vstest.console.dll, TestRunRequest:SendTestRunMessage: Completed.
TpTrace Verbose: 0 : 15460, 11, 2024/04/03, 21:49:57.802, 80881744526, vstest.console.dll, MulticastDelegateUtilities.SafeInvoke: LengthPrefixCommunicationChannel: MessageReceived: Invoking callback 1/1 for Microsoft.VisualStudio.TestPlatform.CommunicationUtilities.TestRequestSender+<>c__DisplayClass34_0., took 0 ms.
TpTrace Verbose: 0 : 15460, 11, 2024/04/03, 21:49:57.802, 80881745031, vstest.console.dll, TcpClientExtensions.MessageLoopAsync: Polling on remoteEndPoint: 127.0.0.1:65424 localEndPoint: 127.0.0.1:65420 after 42 ms
TpTrace Verbose: 0 : 15460, 11, 2024/04/03, 21:49:58.100, 80884724012, vstest.console.dll, TcpClientExtensions.MessageLoopAsync: NotifyDataAvailable remoteEndPoint: 127.0.0.1:65424 localEndPoint: 127.0.0.1:65420
TpTrace Verbose: 0 : 15460, 11, 2024/04/03, 21:49:58.101, 80884732506, vstest.console.dll, TestRequestSender.OnExecutionMessageReceived: Received message: {"Version":5,"MessageType":"TestSession.Message","Payload":{"MessageLevel":0,"Message":"   NUnit3TestExecutor discovered 29 of 29 NUnit test cases using Current Discovery mode, Non-Explicit run"}}
TpTrace Verbose: 0 : 15460, 11, 2024/04/03, 21:49:58.101, 80884734684, vstest.console.dll, TestRunRequest:SendTestRunMessage: Starting.
TpTrace Verbose: 0 : 15460, 11, 2024/04/03, 21:49:58.101, 80884735834, vstest.console.dll, MulticastDelegateUtilities.SafeInvoke: TestRun.LogMessages: Invoking callback 1/1 for Microsoft.VisualStudio.TestPlatform.CommandLine.TestRunResultAggregator., took 0 ms.
TpTrace Verbose: 0 : 15460, 4, 2024/04/03, 21:49:58.101, 80884735999, vstest.console.dll, MulticastDelegateUtilities.SafeInvoke: InternalTestLoggerEvents.SendTestRunMessage: Invoking callback 1/1 for Microsoft.VisualStudio.TestPlatform.CommandLine.Internal.ConsoleLogger., took 0 ms.
TpTrace Information: 0 : 15460, 11, 2024/04/03, 21:49:58.101, 80884736339, vstest.console.dll, TestRunRequest:SendTestRunMessage: Completed.
TpTrace Verbose: 0 : 15460, 11, 2024/04/03, 21:49:58.101, 80884737463, vstest.console.dll, MulticastDelegateUtilities.SafeInvoke: LengthPrefixCommunicationChannel: MessageReceived: Invoking callback 1/1 for Microsoft.VisualStudio.TestPlatform.CommunicationUtilities.TestRequestSender+<>c__DisplayClass34_0., took 0 ms.
TpTrace Verbose: 0 : 15460, 11, 2024/04/03, 21:49:58.101, 80884737805, vstest.console.dll, TcpClientExtensions.MessageLoopAsync: Polling on remoteEndPoint: 127.0.0.1:65424 localEndPoint: 127.0.0.1:65420 after 299 ms
TpTrace Verbose: 0 : 15460, 11, 2024/04/03, 21:49:59.112, 80894845884, vstest.console.dll, TcpClientExtensions.MessageLoopAsync: Polling on remoteEndPoint: 127.0.0.1:65424 localEndPoint: 127.0.0.1:65420 after 1010 ms
TpTrace Verbose: 0 : 15460, 11, 2024/04/03, 21:49:59.146, 80895187797, vstest.console.dll, TcpClientExtensions.MessageLoopAsync: NotifyDataAvailable remoteEndPoint: 127.0.0.1:65424 localEndPoint: 127.0.0.1:65420
TpTrace Verbose: 0 : 15460, 11, 2024/04/03, 21:49:59.147, 80895190502, vstest.console.dll, TestRequestSender.OnExecutionMessageReceived: Received message: {"Version":5,"MessageType":"TestExecution.StatsChange","Payload":{"NewTestResults":[{"TestCase":{"Id":"6aa40687-0da3-eaf2-990a-c2698f9ffda9","FullyQualifiedName":"HouseRentingSystem.Tests.IntegrationsTests.HomeControllerTests.Error_ShouldReturnCorrectView","DisplayName":"Error_ShouldReturnCorrectView","ExecutorUri":"executor://NUnit3TestExecutor","Source":"D:\\SoftUniProjects\\CI 2 Jenkins\\02-House-Renting-System-App\\HouseRentingSystem.Tests\\bin\\Debug\\net6.0\\fine-code-coverage\\build-output\\HouseRentingSystem.Tests.dll","CodeFilePath":null,"LineNumber":0,"Properties":[{"Key":{"Id":"NUnit.Seed","Label":"Seed","Category":"","Description":"","Attributes":0,"ValueType":"System.String"},"Value":"1423515010"}]},"Attachments":[],"Outcome":1,"ErrorMessage":null,"ErrorStackTrace":null,"DisplayName":"Error_ShouldReturnCorrectView","Messages":[],"ComputerName":"DESKTOP-T09EF2P","Duration":"00:00:00.0268580","StartTime":"2024-04-03T18:49:58.1593084+00:00","EndTime":"2024-04-03T18:49:58.1860499+00:00","Properties":[{"Key":{"Id":"NUnit.Seed","Label":"Seed","Category":"","Description":"","Attributes":0,"ValueType":"System.String"},"Value":"1423515010"}]},{"TestCase":{"Id":"183aa34a-8bf9-b854-ec27-9cf7c59001a0","FullyQualifiedName":"HouseRentingSystem.Tests.IntegrationsTests.StatisticsApiControllerTests.GetStatistics_ShouldReturnCorrectCounts","DisplayName":"GetStatistics_ShouldReturnCorrectCounts","ExecutorUri":"executor://NUnit3TestExecutor","Source":"D:\\SoftUniProjects\\CI 2 Jenkins\\02-House-Renting-System-App\\HouseRentingSystem.Tests\\bin\\Debug\\net6.0\\fine-code-coverage\\build-output\\HouseRentingSystem.Tests.dll","CodeFilePath":null,"LineNumber":0,"Properties":[{"Key":{"Id":"NUnit.Seed","Label":"Seed","Category":"","Description":"","Attributes":0,"ValueType":"System.String"},"Value":"1964296568"}]},"Attachments":[],"Outcome":1,"ErrorMessage":null,"ErrorStackTrace":null,"DisplayName":"GetStatistics_ShouldReturnCorrectCounts","Messages":[],"ComputerName":"DESKTOP-T09EF2P","Duration":"00:00:00.0142390","StartTime":"2024-04-03T18:49:58.3926979+00:00","EndTime":"2024-04-03T18:49:58.4069375+00:00","Properties":[{"Key":{"Id":"NUnit.Seed","Label":"Seed","Category":"","Description":"","Attributes":0,"ValueType":"System.String"},"Value":"1964296568"}]}],"TestRunStatistics":{"ExecutedTests":2,"Stats":{"Passed":2}},"ActiveTests":[]}}
TpTrace Verbose: 0 : 15460, 11, 2024/04/03, 21:49:59.219, 80895911800, vstest.console.dll, TestRunRequest:SendTestRunStatsChange: Starting.
TpTrace Verbose: 0 : 15460, 11, 2024/04/03, 21:49:59.219, 80895917702, vstest.console.dll, MulticastDelegateUtilities.SafeInvoke: TestRun.RunStatsChanged: Invoking callbacks was skipped because there are no subscribers.
TpTrace Information: 0 : 15460, 11, 2024/04/03, 21:49:59.219, 80895918603, vstest.console.dll, TestRunRequest:SendTestRunStatsChange: Completed.
TpTrace Verbose: 0 : 15460, 11, 2024/04/03, 21:49:59.219, 80895919204, vstest.console.dll, MulticastDelegateUtilities.SafeInvoke: LengthPrefixCommunicationChannel: MessageReceived: Invoking callback 1/1 for Microsoft.VisualStudio.TestPlatform.CommunicationUtilities.TestRequestSender+<>c__DisplayClass34_0., took 72 ms.
TpTrace Verbose: 0 : 15460, 11, 2024/04/03, 21:49:59.219, 80895919793, vstest.console.dll, TcpClientExtensions.MessageLoopAsync: Polling on remoteEndPoint: 127.0.0.1:65424 localEndPoint: 127.0.0.1:65420 after 106 ms
TpTrace Verbose: 0 : 15460, 4, 2024/04/03, 21:49:59.236, 80896089469, vstest.console.dll, MulticastDelegateUtilities.SafeInvoke: InternalTestLoggerEvents.SendTestResult: Invoking callback 1/1 for Microsoft.VisualStudio.TestPlatform.CommandLine.Internal.ConsoleLogger., took 17 ms.
TpTrace Verbose: 0 : 15460, 4, 2024/04/03, 21:49:59.237, 80896096000, vstest.console.dll, MulticastDelegateUtilities.SafeInvoke: InternalTestLoggerEvents.SendTestResult: Invoking callback 1/1 for Microsoft.VisualStudio.TestPlatform.CommandLine.Internal.ConsoleLogger., took 0 ms.
TpTrace Verbose: 0 : 15460, 11, 2024/04/03, 21:50:00.225, 80905976412, vstest.console.dll, TcpClientExtensions.MessageLoopAsync: Polling on remoteEndPoint: 127.0.0.1:65424 localEndPoint: 127.0.0.1:65420 after 1005 ms
TpTrace Verbose: 0 : 15460, 11, 2024/04/03, 21:50:00.658, 80910303986, vstest.console.dll, TcpClientExtensions.MessageLoopAsync: NotifyDataAvailable remoteEndPoint: 127.0.0.1:65424 localEndPoint: 127.0.0.1:65420
TpTrace Verbose: 0 : 15460, 11, 2024/04/03, 21:50:00.658, 80910306986, vstest.console.dll, TestRequestSender.OnExecutionMessageReceived: Received message: {"Version":5,"MessageType":"TestExecution.StatsChange","Payload":{"NewTestResults":[{"TestCase":{"Id":"4a4ba19d-b1e9-74ad-59a0-269e0af76fdd","FullyQualifiedName":"HouseRentingSystem.Tests.UnitTests.AgentServiceTests.AgentWithPhoneNumberExists_ShouldReturnTrue_WithValidData","DisplayName":"AgentWithPhoneNumberExists_ShouldReturnTrue_WithValidData","ExecutorUri":"executor://NUnit3TestExecutor","Source":"D:\\SoftUniProjects\\CI 2 Jenkins\\02-House-Renting-System-App\\HouseRentingSystem.Tests\\bin\\Debug\\net6.0\\fine-code-coverage\\build-output\\HouseRentingSystem.Tests.dll","CodeFilePath":null,"LineNumber":0,"Properties":[{"Key":{"Id":"NUnit.Seed","Label":"Seed","Category":"","Description":"","Attributes":0,"ValueType":"System.String"},"Value":"562741318"}]},"Attachments":[],"Outcome":1,"ErrorMessage":null,"ErrorStackTrace":null,"DisplayName":"AgentWithPhoneNumberExists_ShouldReturnTrue_WithValidData","Messages":[],"ComputerName":"DESKTOP-T09EF2P","Duration":"00:00:00.1606720","StartTime":"2024-04-03T18:50:00.2942632+00:00","EndTime":"2024-04-03T18:50:00.4549392+00:00","Properties":[{"Key":{"Id":"NUnit.Seed","Label":"Seed","Category":"","Description":"","Attributes":0,"ValueType":"System.String"},"Value":"562741318"}]},{"TestCase":{"Id":"1c48fe42-cce2-e6b9-a7d7-abc06baa9e8e","FullyQualifiedName":"HouseRentingSystem.Tests.UnitTests.AgentServiceTests.CreateAgent_ShouldWorkCorrectly","DisplayName":"CreateAgent_ShouldWorkCorrectly","ExecutorUri":"executor://NUnit3TestExecutor","Source":"D:\\SoftUniProjects\\CI 2 Jenkins\\02-House-Renting-System-App\\HouseRentingSystem.Tests\\bin\\Debug\\net6.0\\fine-code-coverage\\build-output\\HouseRentingSystem.Tests.dll","CodeFilePath":null,"LineNumber":0,"Properties":[{"Key":{"Id":"NUnit.Seed","Label":"Seed","Category":"","Description":"","Attributes":0,"ValueType":"System.String"},"Value":"49871893"}]},"Attachments":[],"Outcome":1,"ErrorMessage":null,"ErrorStackTrace":null,"DisplayName":"CreateAgent_ShouldWorkCorrectly","Messages":[],"ComputerName":"DESKTOP-T09EF2P","Duration":"00:00:00.0678630","StartTime":"2024-04-03T18:50:00.4549741+00:00","EndTime":"2024-04-03T18:50:00.5228377+00:00","Properties":[{"Key":{"Id":"NUnit.Seed","Label":"Seed","Category":"","Description":"","Attributes":0,"ValueType":"System.String"},"Value":"49871893"}]},{"TestCase":{"Id":"bb34c39e-f80e-939f-4a0c-3fe71d62106b","FullyQualifiedName":"HouseRentingSystem.Tests.UnitTests.AgentServiceTests.ExistsById_ShouldReturnTrue_WithValidId","DisplayName":"ExistsById_ShouldReturnTrue_WithValidId","ExecutorUri":"executor://NUnit3TestExecutor","Source":"D:\\SoftUniProjects\\CI 2 Jenkins\\02-House-Renting-System-App\\HouseRentingSystem.Tests\\bin\\Debug\\net6.0\\fine-code-coverage\\build-output\\HouseRentingSystem.Tests.dll","CodeFilePath":null,"LineNumber":0,"Properties":[{"Key":{"Id":"NUnit.Seed","Label":"Seed","Category":"","Description":"","Attributes":0,"ValueType":"System.String"},"Value":"50852149"}]},"Attachments":[],"Outcome":1,"ErrorMessage":null,"ErrorStackTrace":null,"DisplayName":"ExistsById_ShouldReturnTrue_WithValidId","Messages":[],"ComputerName":"DESKTOP-T09EF2P","Duration":"00:00:00.0033550","StartTime":"2024-04-03T18:50:00.5228803+00:00","EndTime":"2024-04-03T18:50:00.5262344+00:00","Properties":[{"Key":{"Id":"NUnit.Seed","Label":"Seed","Category":"","Description":"","Attributes":0,"ValueType":"System.String"},"Value":"50852149"}]},{"TestCase":{"Id":"39821534-a4ac-e7b6-9426-30ddb68a6867","FullyQualifiedName":"HouseRentingSystem.Tests.UnitTests.AgentServiceTests.GetAgentId_ShouldReturnCorrectUserId","DisplayName":"GetAgentId_ShouldReturnCorrectUserId","ExecutorUri":"executor://NUnit3TestExecutor","Source":"D:\\SoftUniProjects\\CI 2 Jenkins\\02-House-Renting-System-App\\HouseRentingSystem.Tests\\bin\\Debug\\net6.0\\fine-code-coverage\\build-output\\HouseRentingSystem.Tests.dll","CodeFilePath":null,"LineNumber":0,"Properties":[{"Key":{"Id":"NUnit.Seed","Label":"Seed","Category":"","Description":"","Attributes":0,"ValueType":"System.String"},"Value":"351224698"}]},"Attachments":[],"Outcome":1,"ErrorMessage":null,"ErrorStackTrace":null,"DisplayName":"GetAgentId_ShouldReturnCorrectUserId","Messages":[],"ComputerName":"DESKTOP-T09EF2P","Duration":"00:00:00.0029740","StartTime":"2024-04-03T18:50:00.5262595+00:00","EndTime":"2024-04-03T18:50:00.5292336+00:00","Properties":[{"Key":{"Id":"NUnit.Seed","Label":"Seed","Category":"","Description":"","Attributes":0,"ValueType":"System.String"},"Value":"351224698"}]}],"TestRunStatistics":{"ExecutedTests":6,"Stats":{"Passed":6}},"ActiveTests":[{"Id":"c1fc1358-6a05-43fc-755d-c831d6e82ed8","FullyQualifiedName":"HouseRentingSystem.Tests.UnitTests.HouseServiceTests.All_ShouldReturnCorrectHouses","DisplayName":"All_ShouldReturnCorrectHouses","ExecutorUri":"executor://NUnit3TestExecutor","Source":"D:\\SoftUniProjects\\CI 2 Jenkins\\02-House-Renting-System-App\\HouseRentingSystem.Tests\\bin\\Debug\\net6.0\\fine-code-coverage\\build-output\\HouseRentingSystem.Tests.dll","CodeFilePath":null,"LineNumber":0,"Properties":[{"Key":{"Id":"NUnit.Seed","Label":"Seed","Category":"","Description":"","Attributes":0,"ValueType":"System.String"},"Value":"1360250601"}]}]}}
TpTrace Verbose: 0 : 15460, 11, 2024/04/03, 21:50:00.661, 80910336785, vstest.console.dll, TestRunRequest:SendTestRunStatsChange: Starting.
TpTrace Verbose: 0 : 15460, 11, 2024/04/03, 21:50:00.661, 80910338879, vstest.console.dll, InProgress is All_ShouldReturnCorrectHouses
TpTrace Verbose: 0 : 15460, 11, 2024/04/03, 21:50:00.662, 80910339775, vstest.console.dll, MulticastDelegateUtilities.SafeInvoke: TestRun.RunStatsChanged: Invoking callbacks was skipped because there are no subscribers.
TpTrace Information: 0 : 15460, 11, 2024/04/03, 21:50:00.662, 80910340184, vstest.console.dll, TestRunRequest:SendTestRunStatsChange: Completed.
TpTrace Verbose: 0 : 15460, 11, 2024/04/03, 21:50:00.662, 80910340653, vstest.console.dll, MulticastDelegateUtilities.SafeInvoke: LengthPrefixCommunicationChannel: MessageReceived: Invoking callback 1/1 for Microsoft.VisualStudio.TestPlatform.CommunicationUtilities.TestRequestSender+<>c__DisplayClass34_0., took 3 ms.
TpTrace Verbose: 0 : 15460, 4, 2024/04/03, 21:50:00.662, 80910340928, vstest.console.dll, MulticastDelegateUtilities.SafeInvoke: InternalTestLoggerEvents.SendTestResult: Invoking callback 1/1 for Microsoft.VisualStudio.TestPlatform.CommandLine.Internal.ConsoleLogger., took 0 ms.
TpTrace Verbose: 0 : 15460, 11, 2024/04/03, 21:50:00.662, 80910341060, vstest.console.dll, TcpClientExtensions.MessageLoopAsync: Polling on remoteEndPoint: 127.0.0.1:65424 localEndPoint: 127.0.0.1:65420 after 436 ms
TpTrace Verbose: 0 : 15460, 4, 2024/04/03, 21:50:00.662, 80910341951, vstest.console.dll, MulticastDelegateUtilities.SafeInvoke: InternalTestLoggerEvents.SendTestResult: Invoking callback 1/1 for Microsoft.VisualStudio.TestPlatform.CommandLine.Internal.ConsoleLogger., took 0 ms.
TpTrace Verbose: 0 : 15460, 4, 2024/04/03, 21:50:00.662, 80910342828, vstest.console.dll, MulticastDelegateUtilities.SafeInvoke: InternalTestLoggerEvents.SendTestResult: Invoking callback 1/1 for Microsoft.VisualStudio.TestPlatform.CommandLine.Internal.ConsoleLogger., took 0 ms.
TpTrace Verbose: 0 : 15460, 4, 2024/04/03, 21:50:00.662, 80910343558, vstest.console.dll, MulticastDelegateUtilities.SafeInvoke: InternalTestLoggerEvents.SendTestResult: Invoking callback 1/1 for Microsoft.VisualStudio.TestPlatform.CommandLine.Internal.ConsoleLogger., took 0 ms.
TpTrace Verbose: 0 : 15460, 11, 2024/04/03, 21:50:00.799, 80911712463, vstest.console.dll, TcpClientExtensions.MessageLoopAsync: NotifyDataAvailable remoteEndPoint: 127.0.0.1:65424 localEndPoint: 127.0.0.1:65420
TpTrace Verbose: 0 : 15460, 11, 2024/04/03, 21:50:00.799, 80911715312, vstest.console.dll, TestRequestSender.OnExecutionMessageReceived: Received message: {"Version":5,"MessageType":"TestExecution.StatsChange","Payload":{"NewTestResults":[{"TestCase":{"Id":"c1fc1358-6a05-43fc-755d-c831d6e82ed8","FullyQualifiedName":"HouseRentingSystem.Tests.UnitTests.HouseServiceTests.All_ShouldReturnCorrectHouses","DisplayName":"All_ShouldReturnCorrectHouses","ExecutorUri":"executor://NUnit3TestExecutor","Source":"D:\\SoftUniProjects\\CI 2 Jenkins\\02-House-Renting-System-App\\HouseRentingSystem.Tests\\bin\\Debug\\net6.0\\fine-code-coverage\\build-output\\HouseRentingSystem.Tests.dll","CodeFilePath":null,"LineNumber":0,"Properties":[{"Key":{"Id":"NUnit.Seed","Label":"Seed","Category":"","Description":"","Attributes":0,"ValueType":"System.String"},"Value":"1360250601"}]},"Attachments":[],"Outcome":1,"ErrorMessage":null,"ErrorStackTrace":null,"DisplayName":"All_ShouldReturnCorrectHouses","Messages":[],"ComputerName":"DESKTOP-T09EF2P","Duration":"00:00:00.1388950","StartTime":"2024-04-03T18:50:00.5494203+00:00","EndTime":"2024-04-03T18:50:00.6883183+00:00","Properties":[{"Key":{"Id":"NUnit.Seed","Label":"Seed","Category":"","Description":"","Attributes":0,"ValueType":"System.String"},"Value":"1360250601"}]},{"TestCase":{"Id":"afb3f7d0-4274-d246-82ae-84031d1c57eb","FullyQualifiedName":"HouseRentingSystem.Tests.UnitTests.HouseServiceTests.AllCategories_ShouldReturnCorrectCategories","DisplayName":"AllCategories_ShouldReturnCorrectCategories","ExecutorUri":"executor://NUnit3TestExecutor","Source":"D:\\SoftUniProjects\\CI 2 Jenkins\\02-House-Renting-System-App\\HouseRentingSystem.Tests\\bin\\Debug\\net6.0\\fine-code-coverage\\build-output\\HouseRentingSystem.Tests.dll","CodeFilePath":null,"LineNumber":0,"Properties":[{"Key":{"Id":"NUnit.Seed","Label":"Seed","Category":"","Description":"","Attributes":0,"ValueType":"System.String"},"Value":"1229063370"}]},"Attachments":[],"Outcome":1,"ErrorMessage":null,"ErrorStackTrace":null,"DisplayName":"AllCategories_ShouldReturnCorrectCategories","Messages":[],"ComputerName":"DESKTOP-T09EF2P","Duration":"00:00:00.0229270","StartTime":"2024-04-03T18:50:00.6887771+00:00","EndTime":"2024-04-03T18:50:00.7117045+00:00","Properties":[{"Key":{"Id":"NUnit.Seed","Label":"Seed","Category":"","Description":"","Attributes":0,"ValueType":"System.String"},"Value":"1229063370"}]},{"TestCase":{"Id":"501cbf97-2dc4-3855-9be1-f64ebe37b250","FullyQualifiedName":"HouseRentingSystem.Tests.UnitTests.HouseServiceTests.AllCategoryNames_ShouldReturnCorrectResult","DisplayName":"AllCategoryNames_ShouldReturnCorrectResult","ExecutorUri":"executor://NUnit3TestExecutor","Source":"D:\\SoftUniProjects\\CI 2 Jenkins\\02-House-Renting-System-App\\HouseRentingSystem.Tests\\bin\\Debug\\net6.0\\fine-code-coverage\\build-output\\HouseRentingSystem.Tests.dll","CodeFilePath":null,"LineNumber":0,"Properties":[{"Key":{"Id":"NUnit.Seed","Label":"Seed","Category":"","Description":"","Attributes":0,"ValueType":"System.String"},"Value":"339804485"}]},"Attachments":[],"Outcome":1,"ErrorMessage":null,"ErrorStackTrace":null,"DisplayName":"AllCategoryNames_ShouldReturnCorrectResult","Messages":[],"ComputerName":"DESKTOP-T09EF2P","Duration":"00:00:00.0169010","StartTime":"2024-04-03T18:50:00.7117501+00:00","EndTime":"2024-04-03T18:50:00.7286512+00:00","Properties":[{"Key":{"Id":"NUnit.Seed","Label":"Seed","Category":"","Description":"","Attributes":0,"ValueType":"System.String"},"Value":"339804485"}]},{"TestCase":{"Id":"7e6deceb-1e63-2628-54ad-e72d30e03650","FullyQualifiedName":"HouseRentingSystem.Tests.UnitTests.HouseServiceTests.AllHousesByAgentId_ShouldReturnCorrectHouses","DisplayName":"AllHousesByAgentId_ShouldReturnCorrectHouses","ExecutorUri":"executor://NUnit3TestExecutor","Source":"D:\\SoftUniProjects\\CI 2 Jenkins\\02-House-Renting-System-App\\HouseRentingSystem.Tests\\bin\\Debug\\net6.0\\fine-code-coverage\\build-output\\HouseRentingSystem.Tests.dll","CodeFilePath":null,"LineNumber":0,"Properties":[{"Key":{"Id":"NUnit.Seed","Label":"Seed","Category":"","Description":"","Attributes":0,"ValueType":"System.String"},"Value":"348214931"}]},"Attachments":[],"Outcome":1,"ErrorMessage":null,"ErrorStackTrace":null,"DisplayName":"AllHousesByAgentId_ShouldReturnCorrectHouses","Messages":[],"ComputerName":"DESKTOP-T09EF2P","Duration":"00:00:00.0177499","StartTime":"2024-04-03T18:50:00.7286892+00:00","EndTime":"2024-04-03T18:50:00.746439+00:00","Properties":[{"Key":{"Id":"NUnit.Seed","Label":"Seed","Category":"","Description":"","Attributes":0,"ValueType":"System.String"},"Value":"348214931"}]},{"TestCase":{"Id":"3178a6b3-c7a9-2811-ebdb-98d05fd32082","FullyQualifiedName":"HouseRentingSystem.Tests.UnitTests.HouseServiceTests.AllHousesByUserId_ShouldReturnCorrectHouses","DisplayName":"AllHousesByUserId_ShouldReturnCorrectHouses","ExecutorUri":"executor://NUnit3TestExecutor","Source":"D:\\SoftUniProjects\\CI 2 Jenkins\\02-House-Renting-System-App\\HouseRentingSystem.Tests\\bin\\Debug\\net6.0\\fine-code-coverage\\build-output\\HouseRentingSystem.Tests.dll","CodeFilePath":null,"LineNumber":0,"Properties":[{"Key":{"Id":"NUnit.Seed","Label":"Seed","Category":"","Description":"","Attributes":0,"ValueType":"System.String"},"Value":"995557504"}]},"Attachments":[],"Outcome":1,"ErrorMessage":null,"ErrorStackTrace":null,"DisplayName":"AllHousesByUserId_ShouldReturnCorrectHouses","Messages":[],"ComputerName":"DESKTOP-T09EF2P","Duration":"00:00:00.0101780","StartTime":"2024-04-03T18:50:00.7464866+00:00","EndTime":"2024-04-03T18:50:00.7566647+00:00","Properties":[{"Key":{"Id":"NUnit.Seed","Label":"Seed","Category":"","Description":"","Attributes":0,"ValueType":"System.String"},"Value":"995557504"}]},{"TestCase":{"Id":"dca6fc11-2c20-02b1-c939-d8f872720d01","FullyQualifiedName":"HouseRentingSystem.Tests.UnitTests.HouseServiceTests.CategoryExists_ShouldReturnTrue_WithValidId","DisplayName":"CategoryExists_ShouldReturnTrue_WithValidId","ExecutorUri":"executor://NUnit3TestExecutor","Source":"D:\\SoftUniProjects\\CI 2 Jenkins\\02-House-Renting-System-App\\HouseRentingSystem.Tests\\bin\\Debug\\net6.0\\fine-code-coverage\\build-output\\HouseRentingSystem.Tests.dll","CodeFilePath":null,"LineNumber":0,"Properties":[{"Key":{"Id":"NUnit.Seed","Label":"Seed","Category":"","Description":"","Attributes":0,"ValueType":"System.String"},"Value":"997916662"}]},"Attachments":[],"Outcome":1,"ErrorMessage":null,"ErrorStackTrace":null,"DisplayName":"CategoryExists_ShouldReturnTrue_WithValidId","Messages":[],"ComputerName":"DESKTOP-T09EF2P","Duration":"00:00:00.0094930","StartTime":"2024-04-03T18:50:00.7567081+00:00","EndTime":"2024-04-03T18:50:00.7662015+00:00","Properties":[{"Key":{"Id":"NUnit.Seed","Label":"Seed","Category":"","Description":"","Attributes":0,"ValueType":"System.String"},"Value":"997916662"}]},{"TestCase":{"Id":"1b644484-0fbb-38a5-d7be-a47f97429959","FullyQualifiedName":"HouseRentingSystem.Tests.UnitTests.HouseServiceTests.Create_ShouldCreateHouse","DisplayName":"Create_ShouldCreateHouse","ExecutorUri":"executor://NUnit3TestExecutor","Source":"D:\\SoftUniProjects\\CI 2 Jenkins\\02-House-Renting-System-App\\HouseRentingSystem.Tests\\bin\\Debug\\net6.0\\fine-code-coverage\\build-output\\HouseRentingSystem.Tests.dll","CodeFilePath":null,"LineNumber":0,"Properties":[{"Key":{"Id":"NUnit.Seed","Label":"Seed","Category":"","Description":"","Attributes":0,"ValueType":"System.String"},"Value":"1720869233"}]},"Attachments":[],"Outcome":1,"ErrorMessage":null,"ErrorStackTrace":null,"DisplayName":"Create_ShouldCreateHouse","Messages":[],"ComputerName":"DESKTOP-T09EF2P","Duration":"00:00:00.0044120","StartTime":"2024-04-03T18:50:00.7662334+00:00","EndTime":"2024-04-03T18:50:00.770645+00:00","Properties":[{"Key":{"Id":"NUnit.Seed","Label":"Seed","Category":"","Description":"","Attributes":0,"ValueType":"System.String"},"Value":"1720869233"}]},{"TestCase":{"Id":"8acbe544-8791-7541-0d15-94d0ad355c1d","FullyQualifiedName":"HouseRentingSystem.Tests.UnitTests.HouseServiceTests.Delete_ShouldDeleteHouseSuccessfully","DisplayName":"Delete_ShouldDeleteHouseSuccessfully","ExecutorUri":"executor://NUnit3TestExecutor","Source":"D:\\SoftUniProjects\\CI 2 Jenkins\\02-House-Renting-System-App\\HouseRentingSystem.Tests\\bin\\Debug\\net6.0\\fine-code-coverage\\build-output\\HouseRentingSystem.Tests.dll","CodeFilePath":null,"LineNumber":0,"Properties":[{"Key":{"Id":"NUnit.Seed","Label":"Seed","Category":"","Description":"","Attributes":0,"ValueType":"System.String"},"Value":"81028040"}]},"Attachments":[],"Outcome":1,"ErrorMessage":null,"ErrorStackTrace":null,"DisplayName":"Delete_ShouldDeleteHouseSuccessfully","Messages":[],"ComputerName":"DESKTOP-T09EF2P","Duration":"00:00:00.0209570","StartTime":"2024-04-03T18:50:00.7706769+00:00","EndTime":"2024-04-03T18:50:00.791634+00:00","Properties":[{"Key":{"Id":"NUnit.Seed","Label":"Seed","Category":"","Description":"","Attributes":0,"ValueType":"System.String"},"Value":"81028040"}]},{"TestCase":{"Id":"1e2eae05-3ea3-6fb2-c952-76632dc6958b","FullyQualifiedName":"HouseRentingSystem.Tests.UnitTests.HouseServiceTests.Edit_ShouldEditHouseCorrectly","DisplayName":"Edit_ShouldEditHouseCorrectly","ExecutorUri":"executor://NUnit3TestExecutor","Source":"D:\\SoftUniProjects\\CI 2 Jenkins\\02-House-Renting-System-App\\HouseRentingSystem.Tests\\bin\\Debug\\net6.0\\fine-code-coverage\\build-output\\HouseRentingSystem.Tests.dll","CodeFilePath":null,"LineNumber":0,"Properties":[{"Key":{"Id":"NUnit.Seed","Label":"Seed","Category":"","Description":"","Attributes":0,"ValueType":"System.String"},"Value":"1535576139"}]},"Attachments":[],"Outcome":1,"ErrorMessage":null,"ErrorStackTrace":null,"DisplayName":"Edit_ShouldEditHouseCorrectly","Messages":[],"ComputerName":"DESKTOP-T09EF2P","Duration":"00:00:00.0047000","StartTime":"2024-04-03T18:50:00.7916669+00:00","EndTime":"2024-04-03T18:50:00.7963665+00:00","Properties":[{"Key":{"Id":"NUnit.Seed","Label":"Seed","Category":"","Description":"","Attributes":0,"ValueType":"System.String"},"Value":"1535576139"}]}],"TestRunStatistics":{"ExecutedTests":15,"Stats":{"Passed":15}},"ActiveTests":[{"Id":"842c814d-cc0e-1077-a329-2c1de4dceddc","FullyQualifiedName":"HouseRentingSystem.Tests.UnitTests.HouseServiceTests.Exists_ShouldReturnCorrectTrue_WithValidId","DisplayName":"Exists_ShouldReturnCorrectTrue_WithValidId","ExecutorUri":"executor://NUnit3TestExecutor","Source":"D:\\SoftUniProjects\\CI 2 Jenkins\\02-House-Renting-System-App\\HouseRentingSystem.Tests\\bin\\Debug\\net6.0\\fine-code-coverage\\build-output\\HouseRentingSystem.Tests.dll","CodeFilePath":null,"LineNumber":0,"Properties":[{"Key":{"Id":"NUnit.Seed","Label":"Seed","Category":"","Description":"","Attributes":0,"ValueType":"System.String"},"Value":"2116866672"}]}]}}
TpTrace Verbose: 0 : 15460, 11, 2024/04/03, 21:50:00.802, 80911740491, vstest.console.dll, TestRunRequest:SendTestRunStatsChange: Starting.
TpTrace Verbose: 0 : 15460, 11, 2024/04/03, 21:50:00.802, 80911741605, vstest.console.dll, InProgress is Exists_ShouldReturnCorrectTrue_WithValidId
TpTrace Verbose: 0 : 15460, 11, 2024/04/03, 21:50:00.802, 80911742816, vstest.console.dll, MulticastDelegateUtilities.SafeInvoke: TestRun.RunStatsChanged: Invoking callbacks was skipped because there are no subscribers.
TpTrace Verbose: 0 : 15460, 4, 2024/04/03, 21:50:00.802, 80911743406, vstest.console.dll, MulticastDelegateUtilities.SafeInvoke: InternalTestLoggerEvents.SendTestResult: Invoking callback 1/1 for Microsoft.VisualStudio.TestPlatform.CommandLine.Internal.ConsoleLogger., took 0 ms.
TpTrace Information: 0 : 15460, 11, 2024/04/03, 21:50:00.802, 80911743533, vstest.console.dll, TestRunRequest:SendTestRunStatsChange: Completed.
TpTrace Verbose: 0 : 15460, 4, 2024/04/03, 21:50:00.802, 80911744732, vstest.console.dll, MulticastDelegateUtilities.SafeInvoke: InternalTestLoggerEvents.SendTestResult: Invoking callback 1/1 for Microsoft.VisualStudio.TestPlatform.CommandLine.Internal.ConsoleLogger., took 0 ms.
TpTrace Verbose: 0 : 15460, 11, 2024/04/03, 21:50:00.802, 80911744922, vstest.console.dll, MulticastDelegateUtilities.SafeInvoke: LengthPrefixCommunicationChannel: MessageReceived: Invoking callback 1/1 for Microsoft.VisualStudio.TestPlatform.CommunicationUtilities.TestRequestSender+<>c__DisplayClass34_0., took 2 ms.
TpTrace Verbose: 0 : 15460, 4, 2024/04/03, 21:50:00.802, 80911745833, vstest.console.dll, MulticastDelegateUtilities.SafeInvoke: InternalTestLoggerEvents.SendTestResult: Invoking callback 1/1 for Microsoft.VisualStudio.TestPlatform.CommandLine.Internal.ConsoleLogger., took 0 ms.
TpTrace Verbose: 0 : 15460, 11, 2024/04/03, 21:50:00.802, 80911745895, vstest.console.dll, TcpClientExtensions.MessageLoopAsync: Polling on remoteEndPoint: 127.0.0.1:65424 localEndPoint: 127.0.0.1:65420 after 140 ms
TpTrace Verbose: 0 : 15460, 4, 2024/04/03, 21:50:00.802, 80911746916, vstest.console.dll, MulticastDelegateUtilities.SafeInvoke: InternalTestLoggerEvents.SendTestResult: Invoking callback 1/1 for Microsoft.VisualStudio.TestPlatform.CommandLine.Internal.ConsoleLogger., took 0 ms.
TpTrace Verbose: 0 : 15460, 4, 2024/04/03, 21:50:00.802, 80911747679, vstest.console.dll, MulticastDelegateUtilities.SafeInvoke: InternalTestLoggerEvents.SendTestResult: Invoking callback 1/1 for Microsoft.VisualStudio.TestPlatform.CommandLine.Internal.ConsoleLogger., took 0 ms.
TpTrace Verbose: 0 : 15460, 4, 2024/04/03, 21:50:00.802, 80911748800, vstest.console.dll, MulticastDelegateUtilities.SafeInvoke: InternalTestLoggerEvents.SendTestResult: Invoking callback 1/1 for Microsoft.VisualStudio.TestPlatform.CommandLine.Internal.ConsoleLogger., took 0 ms.
TpTrace Verbose: 0 : 15460, 4, 2024/04/03, 21:50:00.802, 80911749496, vstest.console.dll, MulticastDelegateUtilities.SafeInvoke: InternalTestLoggerEvents.SendTestResult: Invoking callback 1/1 for Microsoft.VisualStudio.TestPlatform.CommandLine.Internal.ConsoleLogger., took 0 ms.
TpTrace Verbose: 0 : 15460, 4, 2024/04/03, 21:50:00.803, 80911750104, vstest.console.dll, MulticastDelegateUtilities.SafeInvoke: InternalTestLoggerEvents.SendTestResult: Invoking callback 1/1 for Microsoft.VisualStudio.TestPlatform.CommandLine.Internal.ConsoleLogger., took 0 ms.
TpTrace Verbose: 0 : 15460, 4, 2024/04/03, 21:50:00.803, 80911750826, vstest.console.dll, MulticastDelegateUtilities.SafeInvoke: InternalTestLoggerEvents.SendTestResult: Invoking callback 1/1 for Microsoft.VisualStudio.TestPlatform.CommandLine.Internal.ConsoleLogger., took 0 ms.
TpTrace Verbose: 0 : 15460, 11, 2024/04/03, 21:50:01.041, 80914134763, vstest.console.dll, TcpClientExtensions.MessageLoopAsync: NotifyDataAvailable remoteEndPoint: 127.0.0.1:65424 localEndPoint: 127.0.0.1:65420
TpTrace Verbose: 0 : 15460, 11, 2024/04/03, 21:50:01.041, 80914137526, vstest.console.dll, TestRequestSender.OnExecutionMessageReceived: Received message: {"Version":5,"MessageType":"TestExecution.StatsChange","Payload":{"NewTestResults":[{"TestCase":{"Id":"842c814d-cc0e-1077-a329-2c1de4dceddc","FullyQualifiedName":"HouseRentingSystem.Tests.UnitTests.HouseServiceTests.Exists_ShouldReturnCorrectTrue_WithValidId","DisplayName":"Exists_ShouldReturnCorrectTrue_WithValidId","ExecutorUri":"executor://NUnit3TestExecutor","Source":"D:\\SoftUniProjects\\CI 2 Jenkins\\02-House-Renting-System-App\\HouseRentingSystem.Tests\\bin\\Debug\\net6.0\\fine-code-coverage\\build-output\\HouseRentingSystem.Tests.dll","CodeFilePath":null,"LineNumber":0,"Properties":[{"Key":{"Id":"NUnit.Seed","Label":"Seed","Category":"","Description":"","Attributes":0,"ValueType":"System.String"},"Value":"2116866672"}]},"Attachments":[],"Outcome":1,"ErrorMessage":null,"ErrorStackTrace":null,"DisplayName":"Exists_ShouldReturnCorrectTrue_WithValidId","Messages":[],"ComputerName":"DESKTOP-T09EF2P","Duration":"00:00:00.0038110","StartTime":"2024-04-03T18:50:00.7963996+00:00","EndTime":"2024-04-03T18:50:00.8002103+00:00","Properties":[{"Key":{"Id":"NUnit.Seed","Label":"Seed","Category":"","Description":"","Attributes":0,"ValueType":"System.String"},"Value":"2116866672"}]},{"TestCase":{"Id":"0ae26e54-b33a-336f-dd6f-a0cda3739874","FullyQualifiedName":"HouseRentingSystem.Tests.UnitTests.HouseServiceTests.GetHouseCategoryId_ShouldReturnCorrectId","DisplayName":"GetHouseCategoryId_ShouldReturnCorrectId","ExecutorUri":"executor://NUnit3TestExecutor","Source":"D:\\SoftUniProjects\\CI 2 Jenkins\\02-House-Renting-System-App\\HouseRentingSystem.Tests\\bin\\Debug\\net6.0\\fine-code-coverage\\build-output\\HouseRentingSystem.Tests.dll","CodeFilePath":null,"LineNumber":0,"Properties":[{"Key":{"Id":"NUnit.Seed","Label":"Seed","Category":"","Description":"","Attributes":0,"ValueType":"System.String"},"Value":"1675310661"}]},"Attachments":[],"Outcome":1,"ErrorMessage":null,"ErrorStackTrace":null,"DisplayName":"GetHouseCategoryId_ShouldReturnCorrectId","Messages":[],"ComputerName":"DESKTOP-T09EF2P","Duration":"00:00:00.0004310","StartTime":"2024-04-03T18:50:00.8002374+00:00","EndTime":"2024-04-03T18:50:00.8006685+00:00","Properties":[{"Key":{"Id":"NUnit.Seed","Label":"Seed","Category":"","Description":"","Attributes":0,"ValueType":"System.String"},"Value":"1675310661"}]},{"TestCase":{"Id":"115f308f-3ab7-324a-cc3b-01998c8b562f","FullyQualifiedName":"HouseRentingSystem.Tests.UnitTests.HouseServiceTests.HasAgentWithId_ShouldReturnTrue_WithValidId","DisplayName":"HasAgentWithId_ShouldReturnTrue_WithValidId","ExecutorUri":"executor://NUnit3TestExecutor","Source":"D:\\SoftUniProjects\\CI 2 Jenkins\\02-House-Renting-System-App\\HouseRentingSystem.Tests\\bin\\Debug\\net6.0\\fine-code-coverage\\build-output\\HouseRentingSystem.Tests.dll","CodeFilePath":null,"LineNumber":0,"Properties":[{"Key":{"Id":"NUnit.Seed","Label":"Seed","Category":"","Description":"","Attributes":0,"ValueType":"System.String"},"Value":"371002756"}]},"Attachments":[],"Outcome":1,"ErrorMessage":null,"ErrorStackTrace":null,"DisplayName":"HasAgentWithId_ShouldReturnTrue_WithValidId","Messages":[],"ComputerName":"DESKTOP-T09EF2P","Duration":"00:00:00.0060280","StartTime":"2024-04-03T18:50:00.8006841+00:00","EndTime":"2024-04-03T18:50:00.806712+00:00","Properties":[{"Key":{"Id":"NUnit.Seed","Label":"Seed","Category":"","Description":"","Attributes":0,"ValueType":"System.String"},"Value":"371002756"}]},{"TestCase":{"Id":"e562f42b-52d9-7a54-bcf5-b73a27947a78","FullyQualifiedName":"HouseRentingSystem.Tests.UnitTests.HouseServiceTests.HouseDetailsById_ShouldReturnCorrectHouseData","DisplayName":"HouseDetailsById_ShouldReturnCorrectHouseData","ExecutorUri":"executor://NUnit3TestExecutor","Source":"D:\\SoftUniProjects\\CI 2 Jenkins\\02-House-Renting-System-App\\HouseRentingSystem.Tests\\bin\\Debug\\net6.0\\fine-code-coverage\\build-output\\HouseRentingSystem.Tests.dll","CodeFilePath":null,"LineNumber":0,"Properties":[{"Key":{"Id":"NUnit.Seed","Label":"Seed","Category":"","Description":"","Attributes":0,"ValueType":"System.String"},"Value":"1172318451"}]},"Attachments":[],"Outcome":1,"ErrorMessage":null,"ErrorStackTrace":null,"DisplayName":"HouseDetailsById_ShouldReturnCorrectHouseData","Messages":[],"ComputerName":"DESKTOP-T09EF2P","Duration":"00:00:00.1359940","StartTime":"2024-04-03T18:50:00.8067382+00:00","EndTime":"2024-04-03T18:50:00.9427345+00:00","Properties":[{"Key":{"Id":"NUnit.Seed","Label":"Seed","Category":"","Description":"","Attributes":0,"ValueType":"System.String"},"Value":"1172318451"}]},{"TestCase":{"Id":"b61a4563-e1cd-77a9-2ef8-51088f4db293","FullyQualifiedName":"HouseRentingSystem.Tests.UnitTests.HouseServiceTests.IsRented_ShouldReturnCorrectTrue_WithValidId","DisplayName":"IsRented_ShouldReturnCorrectTrue_WithValidId","ExecutorUri":"executor://NUnit3TestExecutor","Source":"D:\\SoftUniProjects\\CI 2 Jenkins\\02-House-Renting-System-App\\HouseRentingSystem.Tests\\bin\\Debug\\net6.0\\fine-code-coverage\\build-output\\HouseRentingSystem.Tests.dll","CodeFilePath":null,"LineNumber":0,"Properties":[{"Key":{"Id":"NUnit.Seed","Label":"Seed","Category":"","Description":"","Attributes":0,"ValueType":"System.String"},"Value":"691319618"}]},"Attachments":[],"Outcome":1,"ErrorMessage":null,"ErrorStackTrace":null,"DisplayName":"IsRented_ShouldReturnCorrectTrue_WithValidId","Messages":[],"ComputerName":"DESKTOP-T09EF2P","Duration":"00:00:00.0004990","StartTime":"2024-04-03T18:50:00.9427841+00:00","EndTime":"2024-04-03T18:50:00.9432824+00:00","Properties":[{"Key":{"Id":"NUnit.Seed","Label":"Seed","Category":"","Description":"","Attributes":0,"ValueType":"System.String"},"Value":"691319618"}]},{"TestCase":{"Id":"4cef5da8-a158-5acb-5516-63b7e8800887","FullyQualifiedName":"HouseRentingSystem.Tests.UnitTests.HouseServiceTests.IsRentedByUserWithId_ShouldReturnCorrectTrue_WithValidId","DisplayName":"IsRentedByUserWithId_ShouldReturnCorrectTrue_WithValidId","ExecutorUri":"executor://NUnit3TestExecutor","Source":"D:\\SoftUniProjects\\CI 2 Jenkins\\02-House-Renting-System-App\\HouseRentingSystem.Tests\\bin\\Debug\\net6.0\\fine-code-coverage\\build-output\\HouseRentingSystem.Tests.dll","CodeFilePath":null,"LineNumber":0,"Properties":[{"Key":{"Id":"NUnit.Seed","Label":"Seed","Category":"","Description":"","Attributes":0,"ValueType":"System.String"},"Value":"414441241"}]},"Attachments":[],"Outcome":1,"ErrorMessage":null,"ErrorStackTrace":null,"DisplayName":"IsRentedByUserWithId_ShouldReturnCorrectTrue_WithValidId","Messages":[],"ComputerName":"DESKTOP-T09EF2P","Duration":"00:00:00.0009800","StartTime":"2024-04-03T18:50:00.9433906+00:00","EndTime":"2024-04-03T18:50:00.94437+00:00","Properties":[{"Key":{"Id":"NUnit.Seed","Label":"Seed","Category":"","Description":"","Attributes":0,"ValueType":"System.String"},"Value":"414441241"}]},{"TestCase":{"Id":"17dc49a3-1e59-f513-63e6-7eab3e02acba","FullyQualifiedName":"HouseRentingSystem.Tests.UnitTests.HouseServiceTests.LastThreeHouses_ShouldReturnCorrectHouses","DisplayName":"LastThreeHouses_ShouldReturnCorrectHouses","ExecutorUri":"executor://NUnit3TestExecutor","Source":"D:\\SoftUniProjects\\CI 2 Jenkins\\02-House-Renting-System-App\\HouseRentingSystem.Tests\\bin\\Debug\\net6.0\\fine-code-coverage\\build-output\\HouseRentingSystem.Tests.dll","CodeFilePath":null,"LineNumber":0,"Properties":[{"Key":{"Id":"NUnit.Seed","Label":"Seed","Category":"","Description":"","Attributes":0,"ValueType":"System.String"},"Value":"321234790"}]},"Attachments":[],"Outcome":1,"ErrorMessage":null,"ErrorStackTrace":null,"DisplayName":"LastThreeHouses_ShouldReturnCorrectHouses","Messages":[],"ComputerName":"DESKTOP-T09EF2P","Duration":"00:00:00.0272050","StartTime":"2024-04-03T18:50:00.9446544+00:00","EndTime":"2024-04-03T18:50:00.9718596+00:00","Properties":[{"Key":{"Id":"NUnit.Seed","Label":"Seed","Category":"","Description":"","Attributes":0,"ValueType":"System.String"},"Value":"321234790"}]},{"TestCase":{"Id":"366bcf26-07cc-aaed-5496-a5bb0176448b","FullyQualifiedName":"HouseRentingSystem.Tests.UnitTests.HouseServiceTests.Leave_ShouldRentHouseSuccessfully","DisplayName":"Leave_ShouldRentHouseSuccessfully","ExecutorUri":"executor://NUnit3TestExecutor","Source":"D:\\SoftUniProjects\\CI 2 Jenkins\\02-House-Renting-System-App\\HouseRentingSystem.Tests\\bin\\Debug\\net6.0\\fine-code-coverage\\build-output\\HouseRentingSystem.Tests.dll","CodeFilePath":null,"LineNumber":0,"Properties":[{"Key":{"Id":"NUnit.Seed","Label":"Seed","Category":"","Description":"","Attributes":0,"ValueType":"System.String"},"Value":"425844406"}]},"Attachments":[],"Outcome":1,"ErrorMessage":null,"ErrorStackTrace":null,"DisplayName":"Leave_ShouldRentHouseSuccessfully","Messages":[],"ComputerName":"DESKTOP-T09EF2P","Duration":"00:00:00.0031080","StartTime":"2024-04-03T18:50:00.9719155+00:00","EndTime":"2024-04-03T18:50:00.9750233+00:00","Properties":[{"Key":{"Id":"NUnit.Seed","Label":"Seed","Category":"","Description":"","Attributes":0,"ValueType":"System.String"},"Value":"425844406"}]},{"TestCase":{"Id":"89e1385f-2b92-6d90-e4f5-6eaab5e47f5a","FullyQualifiedName":"HouseRentingSystem.Tests.UnitTests.HouseServiceTests.Rent_ShouldRentHouseSuccessfully","DisplayName":"Rent_ShouldRentHouseSuccessfully","ExecutorUri":"executor://NUnit3TestExecutor","Source":"D:\\SoftUniProjects\\CI 2 Jenkins\\02-House-Renting-System-App\\HouseRentingSystem.Tests\\bin\\Debug\\net6.0\\fine-code-coverage\\build-output\\HouseRentingSystem.Tests.dll","CodeFilePath":null,"LineNumber":0,"Properties":[{"Key":{"Id":"NUnit.Seed","Label":"Seed","Category":"","Description":"","Attributes":0,"ValueType":"System.String"},"Value":"2089605821"}]},"Attachments":[],"Outcome":1,"ErrorMessage":null,"ErrorStackTrace":null,"DisplayName":"Rent_ShouldRentHouseSuccessfully","Messages":[],"ComputerName":"DESKTOP-T09EF2P","Duration":"00:00:00.0174410","StartTime":"2024-04-03T18:50:00.9750796+00:00","EndTime":"2024-04-03T18:50:00.9925208+00:00","Properties":[{"Key":{"Id":"NUnit.Seed","Label":"Seed","Category":"","Description":"","Attributes":0,"ValueType":"System.String"},"Value":"2089605821"}]}],"TestRunStatistics":{"ExecutedTests":24,"Stats":{"Passed":24}},"ActiveTests":[{"Id":"5e72453d-8ffd-8ba2-4595-59df8919ec29","FullyQualifiedName":"HouseRentingSystem.Tests.UnitTests.RentServiceTests.All_ShouldReturnCorrectData","DisplayName":"All_ShouldReturnCorrectData","ExecutorUri":"executor://NUnit3TestExecutor","Source":"D:\\SoftUniProjects\\CI 2 Jenkins\\02-House-Renting-System-App\\HouseRentingSystem.Tests\\bin\\Debug\\net6.0\\fine-code-coverage\\build-output\\HouseRentingSystem.Tests.dll","CodeFilePath":null,"LineNumber":0,"Properties":[{"Key":{"Id":"NUnit.Seed","Label":"Seed","Category":"","Description":"","Attributes":0,"ValueType":"System.String"},"Value":"1921929485"}]}]}}
TpTrace Verbose: 0 : 15460, 11, 2024/04/03, 21:50:01.046, 80914186365, vstest.console.dll, TestRunRequest:SendTestRunStatsChange: Starting.
TpTrace Verbose: 0 : 15460, 11, 2024/04/03, 21:50:01.046, 80914187539, vstest.console.dll, InProgress is All_ShouldReturnCorrectData
TpTrace Verbose: 0 : 15460, 11, 2024/04/03, 21:50:01.046, 80914188419, vstest.console.dll, MulticastDelegateUtilities.SafeInvoke: TestRun.RunStatsChanged: Invoking callbacks was skipped because there are no subscribers.
TpTrace Information: 0 : 15460, 11, 2024/04/03, 21:50:01.046, 80914189025, vstest.console.dll, TestRunRequest:SendTestRunStatsChange: Completed.
TpTrace Verbose: 0 : 15460, 4, 2024/04/03, 21:50:01.046, 80914189222, vstest.console.dll, MulticastDelegateUtilities.SafeInvoke: InternalTestLoggerEvents.SendTestResult: Invoking callback 1/1 for Microsoft.VisualStudio.TestPlatform.CommandLine.Internal.ConsoleLogger., took 0 ms.
TpTrace Verbose: 0 : 15460, 11, 2024/04/03, 21:50:01.047, 80914189567, vstest.console.dll, MulticastDelegateUtilities.SafeInvoke: LengthPrefixCommunicationChannel: MessageReceived: Invoking callback 1/1 for Microsoft.VisualStudio.TestPlatform.CommunicationUtilities.TestRequestSender+<>c__DisplayClass34_0., took 5 ms.
TpTrace Verbose: 0 : 15460, 4, 2024/04/03, 21:50:01.047, 80914190459, vstest.console.dll, MulticastDelegateUtilities.SafeInvoke: InternalTestLoggerEvents.SendTestResult: Invoking callback 1/1 for Microsoft.VisualStudio.TestPlatform.CommandLine.Internal.ConsoleLogger., took 0 ms.
TpTrace Verbose: 0 : 15460, 11, 2024/04/03, 21:50:01.047, 80914190611, vstest.console.dll, TcpClientExtensions.MessageLoopAsync: Polling on remoteEndPoint: 127.0.0.1:65424 localEndPoint: 127.0.0.1:65420 after 244 ms
TpTrace Verbose: 0 : 15460, 4, 2024/04/03, 21:50:01.047, 80914191242, vstest.console.dll, MulticastDelegateUtilities.SafeInvoke: InternalTestLoggerEvents.SendTestResult: Invoking callback 1/1 for Microsoft.VisualStudio.TestPlatform.CommandLine.Internal.ConsoleLogger., took 0 ms.
TpTrace Verbose: 0 : 15460, 4, 2024/04/03, 21:50:01.047, 80914191957, vstest.console.dll, MulticastDelegateUtilities.SafeInvoke: InternalTestLoggerEvents.SendTestResult: Invoking callback 1/1 for Microsoft.VisualStudio.TestPlatform.CommandLine.Internal.ConsoleLogger., took 0 ms.
TpTrace Verbose: 0 : 15460, 4, 2024/04/03, 21:50:01.047, 80914192607, vstest.console.dll, MulticastDelegateUtilities.SafeInvoke: InternalTestLoggerEvents.SendTestResult: Invoking callback 1/1 for Microsoft.VisualStudio.TestPlatform.CommandLine.Internal.ConsoleLogger., took 0 ms.
TpTrace Verbose: 0 : 15460, 4, 2024/04/03, 21:50:01.047, 80914193253, vstest.console.dll, MulticastDelegateUtilities.SafeInvoke: InternalTestLoggerEvents.SendTestResult: Invoking callback 1/1 for Microsoft.VisualStudio.TestPlatform.CommandLine.Internal.ConsoleLogger., took 0 ms.
TpTrace Verbose: 0 : 15460, 4, 2024/04/03, 21:50:01.047, 80914193862, vstest.console.dll, MulticastDelegateUtilities.SafeInvoke: InternalTestLoggerEvents.SendTestResult: Invoking callback 1/1 for Microsoft.VisualStudio.TestPlatform.CommandLine.Internal.ConsoleLogger., took 0 ms.
TpTrace Verbose: 0 : 15460, 4, 2024/04/03, 21:50:01.047, 80914194419, vstest.console.dll, MulticastDelegateUtilities.SafeInvoke: InternalTestLoggerEvents.SendTestResult: Invoking callback 1/1 for Microsoft.VisualStudio.TestPlatform.CommandLine.Internal.ConsoleLogger., took 0 ms.
TpTrace Verbose: 0 : 15460, 4, 2024/04/03, 21:50:01.047, 80914194988, vstest.console.dll, MulticastDelegateUtilities.SafeInvoke: InternalTestLoggerEvents.SendTestResult: Invoking callback 1/1 for Microsoft.VisualStudio.TestPlatform.CommandLine.Internal.ConsoleLogger., took 0 ms.
TpTrace Verbose: 0 : 15460, 11, 2024/04/03, 21:50:01.148, 80915208983, vstest.console.dll, TcpClientExtensions.MessageLoopAsync: NotifyDataAvailable remoteEndPoint: 127.0.0.1:65424 localEndPoint: 127.0.0.1:65420
TpTrace Verbose: 0 : 15460, 11, 2024/04/03, 21:50:01.149, 80915210660, vstest.console.dll, TestRequestSender.OnExecutionMessageReceived: Received message: {"Version":5,"MessageType":"TestSession.Message","Payload":{"MessageLevel":0,"Message":"NUnit Adapter 4.2.0.0: Test execution complete"}}
TpTrace Verbose: 0 : 15460, 11, 2024/04/03, 21:50:01.149, 80915212469, vstest.console.dll, TestRunRequest:SendTestRunMessage: Starting.
TpTrace Verbose: 0 : 15460, 11, 2024/04/03, 21:50:01.149, 80915213677, vstest.console.dll, MulticastDelegateUtilities.SafeInvoke: TestRun.LogMessages: Invoking callback 1/1 for Microsoft.VisualStudio.TestPlatform.CommandLine.TestRunResultAggregator., took 0 ms.
TpTrace Verbose: 0 : 15460, 4, 2024/04/03, 21:50:01.149, 80915213768, vstest.console.dll, MulticastDelegateUtilities.SafeInvoke: InternalTestLoggerEvents.SendTestRunMessage: Invoking callback 1/1 for Microsoft.VisualStudio.TestPlatform.CommandLine.Internal.ConsoleLogger., took 0 ms.
TpTrace Information: 0 : 15460, 11, 2024/04/03, 21:50:01.149, 80915214304, vstest.console.dll, TestRunRequest:SendTestRunMessage: Completed.
TpTrace Verbose: 0 : 15460, 11, 2024/04/03, 21:50:01.149, 80915215519, vstest.console.dll, MulticastDelegateUtilities.SafeInvoke: LengthPrefixCommunicationChannel: MessageReceived: Invoking callback 1/1 for Microsoft.VisualStudio.TestPlatform.CommunicationUtilities.TestRequestSender+<>c__DisplayClass34_0., took 0 ms.
TpTrace Verbose: 0 : 15460, 11, 2024/04/03, 21:50:01.149, 80915215977, vstest.console.dll, TcpClientExtensions.MessageLoopAsync: Polling on remoteEndPoint: 127.0.0.1:65424 localEndPoint: 127.0.0.1:65420 after 102 ms
TpTrace Verbose: 0 : 15460, 11, 2024/04/03, 21:50:01.179, 80915510147, vstest.console.dll, TcpClientExtensions.MessageLoopAsync: NotifyDataAvailable remoteEndPoint: 127.0.0.1:65424 localEndPoint: 127.0.0.1:65420
TpTrace Verbose: 0 : 15460, 11, 2024/04/03, 21:50:01.179, 80915512182, vstest.console.dll, TestRequestSender.OnExecutionMessageReceived: Received message: {"Version":5,"MessageType":"TestExecution.Completed","Payload":{"TestRunCompleteArgs":{"TestRunStatistics":{"ExecutedTests":29,"Stats":{"Passed":29}},"IsCanceled":false,"IsAborted":false,"Error":null,"AttachmentSets":[],"ElapsedTimeInRunningTests":"00:00:03.4488512","Metrics":{}},"LastRunTests":{"NewTestResults":[{"TestCase":{"Id":"5e72453d-8ffd-8ba2-4595-59df8919ec29","FullyQualifiedName":"HouseRentingSystem.Tests.UnitTests.RentServiceTests.All_ShouldReturnCorrectData","DisplayName":"All_ShouldReturnCorrectData","ExecutorUri":"executor://NUnit3TestExecutor","Source":"D:\\SoftUniProjects\\CI 2 Jenkins\\02-House-Renting-System-App\\HouseRentingSystem.Tests\\bin\\Debug\\net6.0\\fine-code-coverage\\build-output\\HouseRentingSystem.Tests.dll","CodeFilePath":null,"LineNumber":0,"Properties":[{"Key":{"Id":"NUnit.Seed","Label":"Seed","Category":"","Description":"","Attributes":0,"ValueType":"System.String"},"Value":"1921929485"}]},"Attachments":[],"Outcome":1,"ErrorMessage":null,"ErrorStackTrace":null,"DisplayName":"All_ShouldReturnCorrectData","Messages":[],"ComputerName":"DESKTOP-T09EF2P","Duration":"00:00:00.0609870","StartTime":"2024-04-03T18:50:01.0404072+00:00","EndTime":"2024-04-03T18:50:01.1013961+00:00","Properties":[{"Key":{"Id":"NUnit.Seed","Label":"Seed","Category":"","Description":"","Attributes":0,"ValueType":"System.String"},"Value":"1921929485"}]},{"TestCase":{"Id":"21df9aa2-281c-b502-d302-f0b56e5b90de","FullyQualifiedName":"HouseRentingSystem.Tests.UnitTests.StatisticsServiceTests.Total_ShouldReturnCorrectCounts","DisplayName":"Total_ShouldReturnCorrectCounts","ExecutorUri":"executor://NUnit3TestExecutor","Source":"D:\\SoftUniProjects\\CI 2 Jenkins\\02-House-Renting-System-App\\HouseRentingSystem.Tests\\bin\\Debug\\net6.0\\fine-code-coverage\\build-output\\HouseRentingSystem.Tests.dll","CodeFilePath":null,"LineNumber":0,"Properties":[{"Key":{"Id":"NUnit.Seed","Label":"Seed","Category":"","Description":"","Attributes":0,"ValueType":"System.String"},"Value":"1396645658"}]},"Attachments":[],"Outcome":1,"ErrorMessage":null,"ErrorStackTrace":null,"DisplayName":"Total_ShouldReturnCorrectCounts","Messages":[],"ComputerName":"DESKTOP-T09EF2P","Duration":"00:00:00.0013350","StartTime":"2024-04-03T18:50:01.104797+00:00","EndTime":"2024-04-03T18:50:01.1061326+00:00","Properties":[{"Key":{"Id":"NUnit.Seed","Label":"Seed","Category":"","Description":"","Attributes":0,"ValueType":"System.String"},"Value":"1396645658"}]},{"TestCase":{"Id":"2d1d8946-c9ba-2471-16b8-4864295b37bc","FullyQualifiedName":"HouseRentingSystem.Tests.UnitTests.UserServiceTests.All_ShouldReturnCorrectUsersAndAgents","DisplayName":"All_ShouldReturnCorrectUsersAndAgents","ExecutorUri":"executor://NUnit3TestExecutor","Source":"D:\\SoftUniProjects\\CI 2 Jenkins\\02-House-Renting-System-App\\HouseRentingSystem.Tests\\bin\\Debug\\net6.0\\fine-code-coverage\\build-output\\HouseRentingSystem.Tests.dll","CodeFilePath":null,"LineNumber":0,"Properties":[{"Key":{"Id":"NUnit.Seed","Label":"Seed","Category":"","Description":"","Attributes":0,"ValueType":"System.String"},"Value":"257080379"}]},"Attachments":[],"Outcome":1,"ErrorMessage":null,"ErrorStackTrace":null,"DisplayName":"All_ShouldReturnCorrectUsersAndAgents","Messages":[],"ComputerName":"DESKTOP-T09EF2P","Duration":"00:00:00.0244330","StartTime":"2024-04-03T18:50:01.1096214+00:00","EndTime":"2024-04-03T18:50:01.1340545+00:00","Properties":[{"Key":{"Id":"NUnit.Seed","Label":"Seed","Category":"","Description":"","Attributes":0,"ValueType":"System.String"},"Value":"257080379"}]},{"TestCase":{"Id":"94dee587-4520-7686-aec8-d742cb4e49b2","FullyQualifiedName":"HouseRentingSystem.Tests.UnitTests.UserServiceTests.UserFullName_ShouldReturnCorrectResult","DisplayName":"UserFullName_ShouldReturnCorrectResult","ExecutorUri":"executor://NUnit3TestExecutor","Source":"D:\\SoftUniProjects\\CI 2 Jenkins\\02-House-Renting-System-App\\HouseRentingSystem.Tests\\bin\\Debug\\net6.0\\fine-code-coverage\\build-output\\HouseRentingSystem.Tests.dll","CodeFilePath":null,"LineNumber":0,"Properties":[{"Key":{"Id":"NUnit.Seed","Label":"Seed","Category":"","Description":"","Attributes":0,"ValueType":"System.String"},"Value":"1511206485"}]},"Attachments":[],"Outcome":1,"ErrorMessage":null,"ErrorStackTrace":null,"DisplayName":"UserFullName_ShouldReturnCorrectResult","Messages":[],"ComputerName":"DESKTOP-T09EF2P","Duration":"00:00:00.0002130","StartTime":"2024-04-03T18:50:01.1340854+00:00","EndTime":"2024-04-03T18:50:01.1342987+00:00","Properties":[{"Key":{"Id":"NUnit.Seed","Label":"Seed","Category":"","Description":"","Attributes":0,"ValueType":"System.String"},"Value":"1511206485"}]},{"TestCase":{"Id":"76bccacd-8a4b-1fa8-0305-06b648d873d8","FullyQualifiedName":"HouseRentingSystem.Tests.UnitTests.UserServiceTests.UserHasRents_ShouldReturnTrue_WithValidData","DisplayName":"UserHasRents_ShouldReturnTrue_WithValidData","ExecutorUri":"executor://NUnit3TestExecutor","Source":"D:\\SoftUniProjects\\CI 2 Jenkins\\02-House-Renting-System-App\\HouseRentingSystem.Tests\\bin\\Debug\\net6.0\\fine-code-coverage\\build-output\\HouseRentingSystem.Tests.dll","CodeFilePath":null,"LineNumber":0,"Properties":[{"Key":{"Id":"NUnit.Seed","Label":"Seed","Category":"","Description":"","Attributes":0,"ValueType":"System.String"},"Value":"2043432442"}]},"Attachments":[],"Outcome":1,"ErrorMessage":null,"ErrorStackTrace":null,"DisplayName":"UserHasRents_ShouldReturnTrue_WithValidData","Messages":[],"ComputerName":"DESKTOP-T09EF2P","Duration":"00:00:00.0039410","StartTime":"2024-04-03T18:50:01.1343129+00:00","EndTime":"2024-04-03T18:50:01.1382538+00:00","Properties":[{"Key":{"Id":"NUnit.Seed","Label":"Seed","Category":"","Description":"","Attributes":0,"ValueType":"System.String"},"Value":"2043432442"}]}],"TestRunStatistics":{"ExecutedTests":29,"Stats":{"Passed":29}},"ActiveTests":[]},"RunAttachments":[],"ExecutorUris":["executor://nunit3testexecutor/"]}}
TpTrace Verbose: 0 : 15460, 11, 2024/04/03, 21:50:01.179, 80915513991, vstest.console.dll, TestRequestSender.EndSession: Sending end session.
TpTrace Verbose: 0 : 15460, 11, 2024/04/03, 21:50:01.179, 80915515969, vstest.console.dll, ProxyOperationManager.Close: waiting for test host to exit for 100 ms
TpTrace Warning: 0 : 15460, 11, 2024/04/03, 21:50:01.276, 80916480556, vstest.console.dll, ProxyOperationManager: Timed out waiting for test host to exit. Will terminate process.
TpTrace Information: 0 : 15460, 11, 2024/04/03, 21:50:01.276, 80916482546, vstest.console.dll, SocketServer.Stop: Stop server endPoint: 127.0.0.1:65420
TpTrace Information: 0 : 15460, 11, 2024/04/03, 21:50:01.276, 80916483077, vstest.console.dll, SocketServer.Stop: Cancellation requested. Stopping message loop.
TpTrace Information: 0 : 15460, 11, 2024/04/03, 21:50:01.276, 80916485093, vstest.console.dll, Closing the connection
TpTrace Verbose: 0 : 15460, 11, 2024/04/03, 21:50:01.782, 80921547272, vstest.console.dll, TestHostProvider.ExitCallBack: Host exited starting callback.
TpTrace Information: 0 : 15460, 11, 2024/04/03, 21:50:01.782, 80921548908, vstest.console.dll, TestHostManagerCallbacks.ExitCallBack: Testhost processId: 8456 exited with exitcode: 0 error: ''
TpTrace Verbose: 0 : 15460, 11, 2024/04/03, 21:50:01.783, 80921549522, vstest.console.dll, DotnetTestHostManager.OnHostExited: invoking OnHostExited callback
TpTrace Verbose: 0 : 15460, 11, 2024/04/03, 21:50:01.783, 80921550267, vstest.console.dll, CrossPlatEngine.TestHostManagerHostExited: calling on client process exit callback.
TpTrace Information: 0 : 15460, 11, 2024/04/03, 21:50:01.783, 80921550931, vstest.console.dll, TestRequestSender.OnClientProcessExit: Test host process exited. Standard error: 
TpTrace Information: 0 : 15460, 11, 2024/04/03, 21:50:01.783, 80921551849, vstest.console.dll, SocketServer.Stop: Stop server endPoint: 127.0.0.1:65420
TpTrace Information: 0 : 15460, 11, 2024/04/03, 21:50:01.783, 80921552269, vstest.console.dll, SocketServer.Stop: Cancellation requested. Stopping message loop.
TpTrace Verbose: 0 : 15460, 11, 2024/04/03, 21:50:01.783, 80921554839, vstest.console.dll, MulticastDelegateUtilities.SafeInvoke: HostProviderEvents.OnHostExited: Invoking callback 1/1 for Microsoft.VisualStudio.TestPlatform.CrossPlatEngine.Client.ProxyOperationManager., took 0 ms.
TpTrace Verbose: 0 : 15460, 11, 2024/04/03, 21:50:01.784, 80921559998, vstest.console.dll, ProxyDataCollectionManager.InvokeDataCollectionServiceAction: Starting.
TpTrace Information: 0 : 15460, 11, 2024/04/03, 21:50:01.784, 80921560754, vstest.console.dll, ProxyDataCollectionManager.AfterTestRunEnd: Get attachment set and invoked data collectors processId: 5732 port: 65412
TpTrace Verbose: 0 : 15460, 11, 2024/04/03, 21:50:01.784, 80921562375, vstest.console.dll, DataCollectionRequestSender.SendAfterTestRunStartAndGetResult: Send AfterTestRunEnd message with isCancelled: False
TpTrace Verbose: 0 : 15460, 11, 2024/04/03, 21:50:01.791, 80921639076, vstest.console.dll, DataCollectionRequestSender.SendAfterTestRunStartAndGetResult: Received message: (DataCollection.AfterTestRunEndResult) -> {"MessageType":"DataCollection.AfterTestRunEndResult","Payload":{"AttachmentSets":[],"InvokedDataCollectors":[{"Uri":"datacollector://Microsoft/TestPlatform/Extensions/Blame/v1","FriendlyName":"Blame","AssemblyQualifiedName":"Microsoft.TestPlatform.Extensions.BlameDataCollector.BlameCollector, Microsoft.TestPlatform.Extensions.BlameDataCollector, Version=15.0.0.0, Culture=neutral, PublicKeyToken=b03f5f7f11d50a3a","FilePath":"C:\\Program Files\\dotnet\\sdk\\8.0.200\\Extensions\\Microsoft.TestPlatform.Extensions.BlameDataCollector.dll","HasAttachmentProcessor":false}],"Metrics":{}}}
TpTrace Information: 0 : 15460, 11, 2024/04/03, 21:50:01.798, 80921702971, vstest.console.dll, ProxyDataCollectionManager.InvokeDataCollectionServiceAction: Completed.
TpTrace Verbose: 0 : 15460, 11, 2024/04/03, 21:50:01.857, 80922290895, vstest.console.dll, TestRunRequest:SendTestRunStatsChange: Starting.
TpTrace Verbose: 0 : 15460, 11, 2024/04/03, 21:50:01.857, 80922291966, vstest.console.dll, MulticastDelegateUtilities.SafeInvoke: TestRun.RunStatsChanged: Invoking callbacks was skipped because there are no subscribers.
TpTrace Information: 0 : 15460, 11, 2024/04/03, 21:50:01.857, 80922292249, vstest.console.dll, TestRunRequest:SendTestRunStatsChange: Completed.
TpTrace Verbose: 0 : 15460, 4, 2024/04/03, 21:50:01.857, 80922292877, vstest.console.dll, MulticastDelegateUtilities.SafeInvoke: InternalTestLoggerEvents.SendTestResult: Invoking callback 1/1 for Microsoft.VisualStudio.TestPlatform.CommandLine.Internal.ConsoleLogger., took 0 ms.
TpTrace Verbose: 0 : 15460, 4, 2024/04/03, 21:50:01.857, 80922293575, vstest.console.dll, MulticastDelegateUtilities.SafeInvoke: InternalTestLoggerEvents.SendTestResult: Invoking callback 1/1 for Microsoft.VisualStudio.TestPlatform.CommandLine.Internal.ConsoleLogger., took 0 ms.
TpTrace Verbose: 0 : 15460, 4, 2024/04/03, 21:50:01.857, 80922293982, vstest.console.dll, MulticastDelegateUtilities.SafeInvoke: InternalTestLoggerEvents.SendTestResult: Invoking callback 1/1 for Microsoft.VisualStudio.TestPlatform.CommandLine.Internal.ConsoleLogger., took 0 ms.
TpTrace Verbose: 0 : 15460, 4, 2024/04/03, 21:50:01.857, 80922294382, vstest.console.dll, MulticastDelegateUtilities.SafeInvoke: InternalTestLoggerEvents.SendTestResult: Invoking callback 1/1 for Microsoft.VisualStudio.TestPlatform.CommandLine.Internal.ConsoleLogger., took 0 ms.
TpTrace Verbose: 0 : 15460, 4, 2024/04/03, 21:50:01.857, 80922294822, vstest.console.dll, MulticastDelegateUtilities.SafeInvoke: InternalTestLoggerEvents.SendTestResult: Invoking callback 1/1 for Microsoft.VisualStudio.TestPlatform.CommandLine.Internal.ConsoleLogger., took 0 ms.
TpTrace Verbose: 0 : 15460, 11, 2024/04/03, 21:50:01.857, 80922295141, vstest.console.dll, ParallelProxyExecutionManager: HandlePartialRunComplete: Total workloads = 1, Total started clients = 1 Total completed clients = 1, Run complete = True, Run canceled: False.
TpTrace Verbose: 0 : 15460, 11, 2024/04/03, 21:50:01.857, 80922295617, vstest.console.dll, ParallelProxyExecutionManager: HandlePartialRunComplete: All runs completed stopping all managers.
TpTrace Verbose: 0 : 15460, 11, 2024/04/03, 21:50:01.857, 80922295899, vstest.console.dll, ParallelOperationManager.StopAllManagers: Stopping all managers.
TpTrace Verbose: 0 : 15460, 11, 2024/04/03, 21:50:01.857, 80922296144, vstest.console.dll, ParallelOperationManager.ClearSlots: Clearing all slots. Slots should accept more work: False
TpTrace Verbose: 0 : 15460, 11, 2024/04/03, 21:50:01.857, 80922296521, vstest.console.dll, ParallelOperationManager.SetOccupiedSlotCount: Setting slot counts AvailableSlotCount = 3, OccupiedSlotCount = 0.
TpTrace Verbose: 0 : 15460, 11, 2024/04/03, 21:50:01.857, 80922297040, vstest.console.dll, Occupied slots:

TpTrace Verbose: 0 : 15460, 4, 2024/04/03, 21:50:01.889, 80922618629, vstest.console.dll, MulticastDelegateUtilities.SafeInvoke: InternalTestLoggerEvents.SendTestRunComplete: Invoking callback 1/2 for Microsoft.TestPlatform.Extensions.BlameDataCollector.BlameLogger., took 0 ms.
TpTrace Verbose: 0 : 15460, 4, 2024/04/03, 21:50:01.897, 80922691428, vstest.console.dll, MulticastDelegateUtilities.SafeInvoke: InternalTestLoggerEvents.SendTestRunComplete: Invoking callback 2/2 for Microsoft.VisualStudio.TestPlatform.CommandLine.Internal.ConsoleLogger., took 7 ms.
TpTrace Verbose: 0 : 15460, 11, 2024/04/03, 21:50:01.897, 80922695807, vstest.console.dll, TestRunRequest:TestRunComplete: Starting. IsAborted:False IsCanceled:False.
TpTrace Verbose: 0 : 15460, 11, 2024/04/03, 21:50:01.897, 80922698136, vstest.console.dll, ParallelOperationManager.DoActionOnAllManagers: Calling an action on all managers.
TpTrace Verbose: 0 : 15460, 11, 2024/04/03, 21:50:01.917, 80922897806, vstest.console.dll, TestLoggerManager.HandleTestRunComplete: Ignoring as the object is disposed.
TpTrace Verbose: 0 : 15460, 11, 2024/04/03, 21:50:01.918, 80922900300, vstest.console.dll, MulticastDelegateUtilities.SafeInvoke: TestRun.TestRunComplete: Invoking callback 1/2 for Microsoft.VisualStudio.TestPlatform.CommandLine.TestRunResultAggregator., took 0 ms.
TpTrace Verbose: 0 : 15460, 11, 2024/04/03, 21:50:01.918, 80922901391, vstest.console.dll, MulticastDelegateUtilities.SafeInvoke: TestRun.TestRunComplete: Invoking callback 2/2 for Microsoft.VisualStudio.TestPlatform.CommandLine.Processors.RunTestsArgumentExecutor+TestRunRequestEventsRegistrar., took 0 ms.
TpTrace Information: 0 : 15460, 11, 2024/04/03, 21:50:01.918, 80922902381, vstest.console.dll, TestRunRequest:TestRunComplete: Completed.
TpTrace Verbose: 0 : 15460, 11, 2024/04/03, 21:50:01.918, 80922902726, vstest.console.dll, TestRequestSender.SetOperationComplete: Setting operation complete.
TpTrace Verbose: 0 : 15460, 1, 2024/04/03, 21:50:01.918, 80922902814, vstest.console.dll, TestRunRequest.Dispose: Starting.
TpTrace Information: 0 : 15460, 11, 2024/04/03, 21:50:01.918, 80922902980, vstest.console.dll, SocketServer.Stop: Stop server endPoint: 127.0.0.1:65420
TpTrace Information: 0 : 15460, 11, 2024/04/03, 21:50:01.918, 80922904324, vstest.console.dll, SocketServer.Stop: Cancellation requested. Stopping message loop.
TpTrace Information: 0 : 15460, 1, 2024/04/03, 21:50:01.918, 80922903713, vstest.console.dll, TestRunRequest.Dispose: Completed.
TpTrace Verbose: 0 : 15460, 11, 2024/04/03, 21:50:01.918, 80922904646, vstest.console.dll, MulticastDelegateUtilities.SafeInvoke: LengthPrefixCommunicationChannel: MessageReceived: Invoking callback 1/1 for Microsoft.VisualStudio.TestPlatform.CommunicationUtilities.TestRequestSender+<>c__DisplayClass34_0., took 739 ms.
TpTrace Information: 0 : 15460, 1, 2024/04/03, 21:50:01.918, 80922905175, vstest.console.dll, TestRequestManager.RunTests: run tests completed.
TpTrace Information: 0 : 15460, 11, 2024/04/03, 21:50:01.918, 80922905603, vstest.console.dll, SocketServer.PrivateStop: Stopping server endPoint: 127.0.0.1:65420 error: 
TpTrace Information: 0 : 15460, 1, 2024/04/03, 21:50:01.918, 80922906325, vstest.console.dll, RunTestsArgumentProcessor:Execute: Test run is completed.
TpTrace Verbose: 0 : 15460, 1, 2024/04/03, 21:50:01.918, 80922908411, vstest.console.dll, Executor.Execute: Exiting with exit code of 0
TpTrace Verbose: 0 : 15460, 11, 2024/04/03, 21:50:01.919, 80922910546, vstest.console.dll, LengthPrefixCommunicationChannel.Dispose: Dispose reader and writer.
TpTrace Information: 0 : 15460, 11, 2024/04/03, 21:50:01.919, 80922911411, vstest.console.dll, SocketServer.Stop: Raise disconnected event endPoint: 127.0.0.1:65420 error: 
TpTrace Verbose: 0 : 15460, 11, 2024/04/03, 21:50:01.919, 80922912483, vstest.console.dll, TestRequestSender: OnTestRunAbort: Operation is already complete. Skip error message.
TpTrace Verbose: 0 : 15460, 11, 2024/04/03, 21:50:01.919, 80922913101, vstest.console.dll, MulticastDelegateUtilities.SafeInvoke: SocketServer: ClientDisconnected: Invoking callback 1/1 for Microsoft.VisualStudio.TestPlatform.CommunicationUtilities.TestRequestSender., took 0 ms.
